182 [2400] INFO perfrun.launcher <> - Launcher main begin
197 [2400] INFO perfrun.launcher <> - MessageCatalogInit finished
198 [2400] INFO perfrun.launcher <> - Launcher instance created
198 [2400] INFO perfrun.launcher <> - argc = 7; cmdline = C:\Program Files (x86)\Intel\oneAPI\vtune\2024.2\bin64\amplxe-runss.exe --ui-output-format xml --ui-output-fd 1140 --option-file C:\CS683\PA_Assignemnt1\pa1-chak-de-microarchitecture-advanced_architects\part1\transpose\r002hs\config\runss.options 
260 [2400] INFO perfrun.launcher <> - New signal handler callback was added
337 [2400] INFO perfrun.perfcollector <> - SEP tool path: C:\Program Files (x86)\Intel\oneAPI\vtune\2024.2\bin64\sep.exe
371 [2400] INFO perfrun.launcher <> - create msngr2::ICliToolContext
372 [2400] INFO perfrun.launcher <> - create file finder object
372 [2400] INFO perfrun.launcher <> - create a result directory: pattern = C:\CS683\PA_Assignemnt1\pa1-chak-de-microarchitecture-advanced_architects\part1\transpose\r002hs pid = 4294967295
381 [2400] INFO perfrun.launcher <> - create data directory = C:\CS683\PA_Assignemnt1\pa1-chak-de-microarchitecture-advanced_architects\part1\transpose\r002hs\data.0
384 [2400] INFO perfrun.launcher <> - Creating the master collection flag
397 [2400] INFO perfrun.launcher <> - Done creating the master collection flag
398 [19956] INFO perfrun.launcher <> - plugin [remoteplug] was disabled because it doesn't support the given collection type.
400 [19956] INFO perfrun.sdk <> - Allocating TMU :C:\CS683\PA_Assignemnt1\pa1-chak-de-microarchitecture-advanced_architects\part1\transpose\r002hs\data.0\systemcollector-20716-LAPTOP-9PGAITT6.sc
402 [19956] INFO perfrun.launcher <> - plugin [] was disabled because it doesn't support the given collection type.
407 [19956] INFO perfrun.launcher <> - plugin [] was disabled because it doesn't support the given collection type.
407 [19956] INFO perfrun.launcher <> - plugin [gpu] was disabled because it doesn't support the given collection type.
407 [19956] INFO perfrun.launcher <> - plugin [etw.kernel] was disabled because it doesn't support the given collection type.
407 [19956] INFO perfrun.launcher <> - plugin [etw.dx] was disabled because it doesn't support the given collection type.
407 [19956] INFO perfrun.launcher <> - plugin [etw.wsa] was disabled because it doesn't support the given collection type.
407 [19956] INFO perfrun.mrte <> - system-wide mode is 0
408 [19956] INFO perfrun.mrte <> - Getting  mrte profiling environment ...
491 [19956] INFO perfrun.mrte <> - INTEL_MRTE_DATA_DIR=C:\CS683\PA_Assignemnt1\pa1-chak-de-microarchitecture-advanced_architects\part1\transpose\r002hs\data.0
491 [19956] INFO perfrun.mrte <> - INTEL_MRTE_HOST_NAME=LAPTOP-9PGAITT6
491 [19956] INFO perfrun.mrte <> - JAVA_TOOL_OPTIONS=-agentlib:amplxe_samplingmrte_javaprof_1.0
491 [19956] INFO perfrun.mrte <> - PATH=C:\Program Files (x86)\Intel\oneAPI\vtune\2024.2\bin32\runtime;C:\Program Files (x86)\Intel\oneAPI\vtune\2024.2\bin64\runtime;C:\WINDOWS\system32;C:\WINDOWS;C:\WINDOWS\System32\Wbem;C:\WINDOWS\System32\WindowsPowerShell\v1.0\;C:\WINDOWS\System32\OpenSSH\;C:\Program Files\Git\cmd;C:\Program Files\Docker\Docker\resources\bin;C:\iverilog\bin;C:\DLDCA\iverilog\bin;C:\MinGW\bin;C:\Users\Admin\AppData\Local\Programs\Python\Python39\Scripts\;C:\Users\Admin\AppData\Local\Programs\Python\Python39\;C:\Program Files\MySQL\MySQL Shell 8.0\bin\;C:\Users\Admin\AppData\Local\Microsoft\WindowsApps;C:\Users\Admin\AppData\Local\Programs\Python\Python38-32\Scripts;C:\Users\Admin\AppData\Local\Programs\Python\Python38-32;C:\Users\Admin\AppData\Local\Programs\Microsoft VS Code\bin;C:\DLDCA\iverilog\gtkwave\bin
491 [19956] INFO perfrun.mrte <> - COR_ENABLE_PROFILING=1
491 [19956] INFO perfrun.mrte <> - COR_PROFILER={AA5E4821-E3B1-479c-B7FF-5AD047D22CED}
491 [19956] INFO perfrun.mrte <> - COMPLUS_ProfAPI_ProfilerCompatibilitySetting=EnableV2Profiler
491 [19956] INFO perfrun.mrte <> - CORECLR_ENABLE_PROFILING=1
491 [19956] INFO perfrun.mrte <> - CORECLR_PROFILER={AA5E4821-E3B1-479c-B7FF-5AD047D22CED}
491 [19956] INFO perfrun.mrte <> - CORECLR_PROFILER_PATH=C:\Program Files (x86)\Intel\oneAPI\vtune\2024.2\bin64/amplxe_samplingmrte_clrprof_1.0.dll
491 [19956] INFO perfrun.mrte <> - INTEL_MRTE_PROFILER_MODE=mixed
491 [19956] INFO perfrun.mrte <> - Data directory: C:\CS683\PA_Assignemnt1\pa1-chak-de-microarchitecture-advanced_architects\part1\transpose\r002hs\data.0
491 [19956] INFO perfrun.mrte <> - Mrte plugin is initialized
493 [19956] INFO perfrun.launcher <> - plugin [cuscol] was disabled because it doesn't support the given collection type.
493 [19956] INFO perfrun.launcher <> - plugin [stdsrc] was disabled because it doesn't support the given collection type.
496 [19956] INFO perfrun.launcher <> - plugin [sep] was disabled because it doesn't support the given collection type.
497 [19956] INFO perfrun.launcher <> - plugin [vtsspp] was disabled because it doesn't support the given collection type.
497 [19956] INFO perfrun.launcher <> - plugin [perf] was disabled because it doesn't support the given collection type.
497 [19956] INFO perfrun.launcher <> - plugin [aoclprofile] was disabled because it doesn't support the given collection type.
498 [19956] INFO perfrun.tpss <> - initialize tpss controller
498 [19956] INFO perfrun.tpss <> - configure collection mode: value = cpu:counters:nostack
502 [19956] INFO perfrun.tpss <> - configure collection mode: value = cpu:stack
502 [19956] INFO perfrun.tpss <> - default obj-size-min=1024
502 [19956] INFO perfrun.tpss <> - default hash-table-size=0
503 [19956] INFO perfrun.launcher <> - plugin [] was disabled because it doesn't support the given collection type.
503 [19956] INFO perfrun.launcher <> - plugin [] was disabled because it doesn't support the given collection type.
503 [19956] INFO perfrun.launcher <> - plugin [] was disabled because it doesn't support the given collection type.
503 [19956] INFO perfrun.launcher <> - plugin [] was disabled because it doesn't support the given collection type.
504 [19956] INFO perfrun.launcher <> - plugin [power] was disabled because it doesn't support the given collection type.
504 [19956] INFO perfrun.launcher <> - plugin [] was disabled because it doesn't support the given collection type.
504 [19956] INFO perfrun.launcher <> - plugin [ipmwatch] was disabled because it doesn't support the given collection type.
504 [19956] INFO perfrun.launcher <> - plugin [os_counters] was disabled because it doesn't support the given collection type.
504 [19956] INFO perfrun.launcher <> - plugin [l0_metrics] was disabled because it doesn't support the given collection type.
505 [2400] INFO perfrun.launcher <> - set environment variable: PATH = C:\Program Files (x86)\Intel\oneAPI\vtune\2024.2\bin32\runtime;C:\Program Files (x86)\Intel\oneAPI\vtune\2024.2\bin64\runtime;C:\WINDOWS\system32;C:\WINDOWS;C:\WINDOWS\System32\Wbem;C:\WINDOWS\System32\WindowsPowerShell\v1.0\;C:\WINDOWS\System32\OpenSSH\;C:\Program Files\Git\cmd;C:\Program Files\Docker\Docker\resources\bin;C:\iverilog\bin;C:\DLDCA\iverilog\bin;C:\MinGW\bin;C:\Users\Admin\AppData\Local\Programs\Python\Python39\Scripts\;C:\Users\Admin\AppData\Local\Programs\Python\Python39\;C:\Program Files\MySQL\MySQL Shell 8.0\bin\;C:\Users\Admin\AppData\Local\Microsoft\WindowsApps;C:\Users\Admin\AppData\Local\Programs\Python\Python38-32\Scripts;C:\Users\Admin\AppData\Local\Programs\Python\Python38-32;C:\Users\Admin\AppData\Local\Programs\Microsoft VS Code\bin;C:\DLDCA\iverilog\gtkwave\bin
505 [2400] INFO perfrun.launcher <> - set environment variable: INTEL_LIBITTNOTIFY32 = C:\Program Files (x86)\Intel\oneAPI\vtune\2024.2\bin32\runtime\ittnotify_collector.dll
505 [2400] INFO perfrun.launcher <> - set environment variable: INTEL_LIBITTNOTIFY64 = C:\Program Files (x86)\Intel\oneAPI\vtune\2024.2\bin64\runtime\ittnotify_collector.dll
505 [2400] INFO perfrun.launcher <> - set environment variable: INTEL_ITTNOTIFY_GROUPS = 
505 [2400] INFO perfrun.launcher <> - set environment variable: INTEL_JIT_PROFILER32 = C:\Program Files (x86)\Intel\oneAPI\vtune\2024.2\bin32\runtime\ittnotify_collector.dll
506 [2400] INFO perfrun.launcher <> - set environment variable: INTEL_JIT_PROFILER64 = C:\Program Files (x86)\Intel\oneAPI\vtune\2024.2\bin64\runtime\ittnotify_collector.dll
506 [2400] INFO perfrun.launcher <> - set environment variable: ENABLE_JITPROFILING = 1
506 [2400] INFO perfrun.launcher <> - set environment variable: CL_CONFIG_USE_VTUNE = True
506 [2400] INFO perfrun.launcher <> - set environment variable: KMP_FORKJOIN_FRAMES = 0
506 [2400] INFO perfrun.launcher <> - set environment variable: KMP_FORKJOIN_FRAMES_MODE = 0
507 [2400] INFO perfrun.launcher <> - set environment variable: INTEL_MRTE_DATA_DIR = C:\CS683\PA_Assignemnt1\pa1-chak-de-microarchitecture-advanced_architects\part1\transpose\r002hs\data.0
507 [2400] INFO perfrun.launcher <> - set environment variable: INTEL_MRTE_HOST_NAME = LAPTOP-9PGAITT6
507 [2400] INFO perfrun.launcher <> - set environment variable: JAVA_TOOL_OPTIONS = -agentlib:amplxe_samplingmrte_javaprof_1.0
507 [2400] INFO perfrun.launcher <> - set environment variable: PATH = C:\Program Files (x86)\Intel\oneAPI\vtune\2024.2\bin32\runtime;C:\Program Files (x86)\Intel\oneAPI\vtune\2024.2\bin64\runtime;C:\WINDOWS\system32;C:\WINDOWS;C:\WINDOWS\System32\Wbem;C:\WINDOWS\System32\WindowsPowerShell\v1.0\;C:\WINDOWS\System32\OpenSSH\;C:\Program Files\Git\cmd;C:\Program Files\Docker\Docker\resources\bin;C:\iverilog\bin;C:\DLDCA\iverilog\bin;C:\MinGW\bin;C:\Users\Admin\AppData\Local\Programs\Python\Python39\Scripts\;C:\Users\Admin\AppData\Local\Programs\Python\Python39\;C:\Program Files\MySQL\MySQL Shell 8.0\bin\;C:\Users\Admin\AppData\Local\Microsoft\WindowsApps;C:\Users\Admin\AppData\Local\Programs\Python\Python38-32\Scripts;C:\Users\Admin\AppData\Local\Programs\Python\Python38-32;C:\Users\Admin\AppData\Local\Programs\Microsoft VS Code\bin;C:\DLDCA\iverilog\gtkwave\bin
507 [2400] INFO perfrun.launcher <> - set environment variable: COR_ENABLE_PROFILING = 1
507 [2400] INFO perfrun.launcher <> - set environment variable: COR_PROFILER = {AA5E4821-E3B1-479c-B7FF-5AD047D22CED}
507 [2400] INFO perfrun.launcher <> - set environment variable: COMPLUS_ProfAPI_ProfilerCompatibilitySetting = EnableV2Profiler
507 [2400] INFO perfrun.launcher <> - set environment variable: CORECLR_ENABLE_PROFILING = 1
508 [2400] INFO perfrun.launcher <> - set environment variable: CORECLR_PROFILER = {AA5E4821-E3B1-479c-B7FF-5AD047D22CED}
508 [2400] INFO perfrun.launcher <> - set environment variable: CORECLR_PROFILER_PATH = C:\Program Files (x86)\Intel\oneAPI\vtune\2024.2\bin64/amplxe_samplingmrte_clrprof_1.0.dll
508 [2400] INFO perfrun.launcher <> - set environment variable: INTEL_MRTE_PROFILER_MODE = mixed
508 [2400] INFO perfrun.launcher <> - RpcServer: run RPC server to handle requests
521 [2400] INFO perfrun.sdk <> - IProcessUtil: the given executable 'C:\CS683\PA_Assignemnt1\pa1-chak-de-microarchitecture-advanced_architects\part1\a.exe' is valid.
521 [2400] INFO perfrun.launcher <> - Launcher: command line to start before modification = C:\CS683\PA_Assignemnt1\pa1-chak-de-microarchitecture-advanced_architects\part1\a.exe 1024 100
527 [2400] INFO perfrun.launcher <> - Launcher: command line to start after modification = C:\Program Files (x86)\Intel\oneAPI\vtune\2024.2\bin64\pin.exe -error_file C:\CS683\PA_Assignemnt1\pa1-chak-de-microarchitecture-advanced_architects\part1\transpose\r002hs\data.0\pinerr.tpsslog -detach_reattach -probe -follow_execv -p32 C:\Program Files (x86)\Intel\oneAPI\vtune\2024.2\bin32\pin.exe -p64 C:\Program Files (x86)\Intel\oneAPI\vtune\2024.2\bin64\pin.exe -t64 C:\Program Files (x86)\Intel\oneAPI\vtune\2024.2\bin64\tpsstool.dll -t C:\Program Files (x86)\Intel\oneAPI\vtune\2024.2\bin32\tpsstool.dll -server_name tpss_ipc.20716 -prd_dir C:\Program Files (x86)\Intel\oneAPI\vtune\2024.2 -- C:\CS683\PA_Assignemnt1\pa1-chak-de-microarchitecture-advanced_architects\part1\a.exe 1024 100
527 [2400] INFO perfrun.launcher <> - ProcessCreator object was created
534 [2400] INFO perfrun.launcher <> - Launcher: the process was started in suspend mode
536 [19956] INFO perfrun.itt <> - start itt controller for pid #18928
541 [19956] INFO perfrun.sdk <> - runCmd: "C:\Program Files (x86)\Intel\oneAPI\vtune\2024.2\bin64\emon.exe" -M
547 [19956] INFO perfrun.sdk <> - runCmd started PID 8480
778 [19956] INFO perfrun.sdk <> - runCmd: "C:\Program Files (x86)\Intel\oneAPI\vtune\2024.2\bin64\emon.exe" -v
783 [19956] INFO perfrun.sdk <> - runCmd started PID 19772
1012 [19956] INFO perfrun.sdk <> - runCmd: "C:\Program Files (x86)\Intel\oneAPI\vtune\2024.2\bin64\sep.exe" -dry-run -ec CPU_CLK_UNHALTED.THREAD,CPU_CLK_UNHALTED.REF_TSC:sample:sa=1000000,INST_RETIRED.ANY:sample:sa=1000000,CPU_CLK_UNHALTED.DISTRIBUTED,FP_ARITH_INST_RETIRED.SCALAR_SINGLE,FP_ARITH_INST_RETIRED.128B_PACKED_SINGLE,FP_ARITH_INST_RETIRED.256B_PACKED_SINGLE,FP_ARITH_INST_RETIRED.SCALAR_DOUBLE,FP_ARITH_INST_RETIRED.128B_PACKED_DOUBLE,FP_ARITH_INST_RETIRED.256B_PACKED_DOUBLE,UOPS_EXECUTED.X87,UOPS_RETIRED.SLOTS:sample:sa=2000003,UOPS_EXECUTED.THREAD,FP_ARITH_INST_RETIRED.512B_PACKED_DOUBLE,FP_ARITH_INST_RETIRED.512B_PACKED_SINGLE,TOPDOWN.SLOTS:sample:sa=2000003 -experimental
1018 [19956] INFO perfrun.sdk <> - runCmd started PID 16064
1256 [19956] INFO perfrun.sdk <> - runCmd: "C:\Program Files (x86)\Intel\oneAPI\vtune\2024.2\bin64\emon.exe" -u -t 0.050 -l0 -A -C CPU_CLK_UNHALTED.DISTRIBUTED,CPU_CLK_UNHALTED.REF_TSC,CPU_CLK_UNHALTED.THREAD,FP_ARITH_INST_RETIRED.128B_PACKED_DOUBLE,FP_ARITH_INST_RETIRED.128B_PACKED_SINGLE,FP_ARITH_INST_RETIRED.256B_PACKED_DOUBLE,FP_ARITH_INST_RETIRED.256B_PACKED_SINGLE,FP_ARITH_INST_RETIRED.512B_PACKED_DOUBLE,FP_ARITH_INST_RETIRED.512B_PACKED_SINGLE,FP_ARITH_INST_RETIRED.SCALAR_DOUBLE,FP_ARITH_INST_RETIRED.SCALAR_SINGLE,INST_RETIRED.ANY,TOPDOWN.SLOTS,UOPS_EXECUTED.THREAD,UOPS_EXECUTED.X87,UOPS_RETIRED.SLOTS -f C:\CS683\PA_Assignemnt1\pa1-chak-de-microarchitecture-advanced_architects\part1\transpose\r002hs\data.0\emon.0.emon -experimental
1263 [19956] INFO perfrun.sdk <> - runCmd started PID 10380
1263 [19956] INFO perfrun.emon <> - Waiting trace file creation: C:\CS683\PA_Assignemnt1\pa1-chak-de-microarchitecture-advanced_architects\part1\transpose\r002hs\data.0\emon.0.emon
1679 [19956] INFO perfrun.emon <> - trace file was found
1688 [19956] INFO perfrun.tpss <> - start tpss controller for pid #18928
1747 [2400] INFO perfrun.launcher <> - Launcher: all plugins were started
1747 [2400] INFO perfrun.launcher <> - DirectoryMonitor object was created
1748 [2400] INFO perfrun.launcher <> - DirectoryMonitor: a callback was added
1748 [2400] INFO perfrun.launcher <> - DirectoryMonitor was started with pingTime = 1000
1748 [2400] INFO perfrun.launcher <> - DeadlineTimer is going to be constructed
1749 [2400] INFO perfrun.launcher <> - DeadlineTimer: a callback was added
1767 [2400] INFO perfrun.launcher <> - Launcher: resume the profiled application and  wait its termination or stop command
2235 [2400] INFO perfrun.launcher <> - Launcher: the profiled application was terminated  with exit code = 0
2256 [19956] INFO perfrun.itt <> - detach itt controller
2256 [19956] INFO perfrun.itt <> - detach itt controller done
2257 [19956] INFO perfrun.sdk <> - runCmd: "C:\Program Files (x86)\Intel\oneAPI\vtune\2024.2\bin64\emon.exe" -stop
2262 [19956] INFO perfrun.sdk <> - runCmd started PID 18472
2642 [19956] INFO perfrun.emon <> - EMON collector successfully stopped.

2642 [19956] INFO perfrun.emon <> - Waiting for main Emon process (10380) to finish...
2762 [19956] INFO perfrun.emon <> - Main Emon process finished
2762 [19956] INFO perfrun.tpss <> - stop tpss controller
2765 [19956] INFO perfrun.sdk <> - De-allocating TMU: C:\CS683\PA_Assignemnt1\pa1-chak-de-microarchitecture-advanced_architects\part1\transpose\r002hs\data.0\systemcollector-20716-LAPTOP-9PGAITT6.sc
2780 [19956] INFO perfrun.system <> - closed the system trace file: C:\CS683\PA_Assignemnt1\pa1-chak-de-microarchitecture-advanced_architects\part1\transpose\r002hs\data.0\systemcollector-20716-LAPTOP-9PGAITT6.sc
2781 [2400] INFO perfrun.launcher <> - Launcher: all plugins were stopped.
2781 [2400] INFO perfrun.launcher <> - DeadlineTimer is going to be destroyed
2781 [2400] INFO perfrun.launcher <> - DeadlineTimer was destroyed
2782 [2400] INFO perfrun.launcher <> - DirectoryMonitor object was destroyed
2782 [2400] WARN perfrun.launcher <> - Stop command is ignored because it is received when collection is already stopped, at file: vcs\perfrun1\launcher\src\command_handler.cpp:226
2785 [2400] INFO perfrun.launcher <> - Application exit code: 0
2785 [2400] INFO perfrun.launcher <> - Exit code: 0
