116 [8680] INFO perfrun.launcher <> - Launcher main begin
128 [8680] INFO perfrun.launcher <> - MessageCatalogInit finished
128 [8680] INFO perfrun.launcher <> - Launcher instance created
128 [8680] INFO perfrun.launcher <> - argc = 7; cmdline = C:\Program Files (x86)\Intel\oneAPI\vtune\2024.2\bin64\amplxe-runss.exe --ui-output-format xml --ui-output-fd 1220 --option-file C:\CS683\PA_Assignemnt1\pa1-chak-de-microarchitecture-advanced_architects\part1\transpose\r005pt\config\runsa.options 
169 [8680] INFO perfrun.launcher <> - New signal handler callback was added
256 [8680] INFO perfrun.perfcollector <> - SEP tool path: C:\Program Files (x86)\Intel\oneAPI\vtune\2024.2\bin64\sep.exe
302 [8680] INFO perfrun.launcher <> - create msngr2::ICliToolContext
303 [8680] INFO perfrun.launcher <> - create file finder object
303 [8680] INFO perfrun.launcher <> - create a result directory: pattern = C:\CS683\PA_Assignemnt1\pa1-chak-de-microarchitecture-advanced_architects\part1\transpose\r005pt pid = 4294967295
309 [8680] INFO perfrun.launcher <> - create data directory = C:\CS683\PA_Assignemnt1\pa1-chak-de-microarchitecture-advanced_architects\part1\transpose\r005pt\data.0
310 [8680] INFO perfrun.launcher <> - Creating the master collection flag
324 [8680] INFO perfrun.launcher <> - Done creating the master collection flag
324 [4416] INFO perfrun.launcher <> - plugin [remoteplug] was disabled because it doesn't support the given collection type.
324 [4416] INFO perfrun.sdk <> - Allocating TMU :C:\CS683\PA_Assignemnt1\pa1-chak-de-microarchitecture-advanced_architects\part1\transpose\r005pt\data.0\systemcollector-9280-LAPTOP-9PGAITT6.sc
326 [4416] INFO perfrun.launcher <> - plugin [] was disabled because it doesn't support the given collection type.
329 [4416] INFO perfrun.launcher <> - plugin [] was disabled because it doesn't support the given collection type.
329 [4416] INFO perfrun.launcher <> - plugin [gpu] was disabled because it doesn't support the given collection type.
329 [4416] INFO perfrun.launcher <> - plugin [etw.kernel] was disabled because it doesn't support the given collection type.
329 [4416] INFO perfrun.launcher <> - plugin [etw.dx] was disabled because it doesn't support the given collection type.
329 [4416] INFO perfrun.launcher <> - plugin [etw.wsa] was disabled because it doesn't support the given collection type.
329 [4416] INFO perfrun.mrte <> - system-wide mode is 0
330 [4416] INFO perfrun.mrte <> - Getting  mrte profiling environment ...
389 [4416] INFO perfrun.mrte <> - INTEL_MRTE_DATA_DIR=C:\CS683\PA_Assignemnt1\pa1-chak-de-microarchitecture-advanced_architects\part1\transpose\r005pt\data.0
389 [4416] INFO perfrun.mrte <> - INTEL_MRTE_HOST_NAME=LAPTOP-9PGAITT6
389 [4416] INFO perfrun.mrte <> - JAVA_TOOL_OPTIONS=-agentlib:amplxe_samplingmrte_javaprof_1.0
389 [4416] INFO perfrun.mrte <> - PATH=C:\Program Files (x86)\Intel\oneAPI\vtune\2024.2\bin32\runtime;C:\Program Files (x86)\Intel\oneAPI\vtune\2024.2\bin64\runtime;C:\WINDOWS\system32;C:\WINDOWS;C:\WINDOWS\System32\Wbem;C:\WINDOWS\System32\WindowsPowerShell\v1.0\;C:\WINDOWS\System32\OpenSSH\;C:\Program Files\Git\cmd;C:\Program Files\Docker\Docker\resources\bin;C:\iverilog\bin;C:\DLDCA\iverilog\bin;C:\MinGW\bin;C:\Users\Admin\AppData\Local\Programs\Python\Python39\Scripts\;C:\Users\Admin\AppData\Local\Programs\Python\Python39\;C:\Program Files\MySQL\MySQL Shell 8.0\bin\;C:\Users\Admin\AppData\Local\Microsoft\WindowsApps;C:\Users\Admin\AppData\Local\Programs\Python\Python38-32\Scripts;C:\Users\Admin\AppData\Local\Programs\Python\Python38-32;C:\Users\Admin\AppData\Local\Programs\Microsoft VS Code\bin;C:\DLDCA\iverilog\gtkwave\bin
389 [4416] INFO perfrun.mrte <> - COR_ENABLE_PROFILING=1
389 [4416] INFO perfrun.mrte <> - COR_PROFILER={AA5E4821-E3B1-479c-B7FF-5AD047D22CED}
389 [4416] INFO perfrun.mrte <> - COMPLUS_ProfAPI_ProfilerCompatibilitySetting=EnableV2Profiler
389 [4416] INFO perfrun.mrte <> - CORECLR_ENABLE_PROFILING=1
389 [4416] INFO perfrun.mrte <> - CORECLR_PROFILER={AA5E4821-E3B1-479c-B7FF-5AD047D22CED}
389 [4416] INFO perfrun.mrte <> - CORECLR_PROFILER_PATH=C:\Program Files (x86)\Intel\oneAPI\vtune\2024.2\bin64/amplxe_samplingmrte_clrprof_1.0.dll
389 [4416] INFO perfrun.mrte <> - INTEL_MRTE_PROFILER_MODE=mixed
389 [4416] INFO perfrun.mrte <> - Data directory: C:\CS683\PA_Assignemnt1\pa1-chak-de-microarchitecture-advanced_architects\part1\transpose\r005pt\data.0
389 [4416] INFO perfrun.mrte <> - Mrte plugin is initialized
389 [4416] INFO perfrun.launcher <> - plugin [emon] was disabled because it doesn't support the given collection type.
389 [4416] INFO perfrun.launcher <> - plugin [cuscol] was disabled because it doesn't support the given collection type.
389 [4416] INFO perfrun.launcher <> - plugin [stdsrc] was disabled because it doesn't support the given collection type.
391 [4416] INFO perfrun.sdk <> - runCmd: "C:\Program Files (x86)\Intel\oneAPI\vtune\2024.2\bin64\sep.exe" -dry-run -ec BR_INST_RETIRED.NEAR_TAKEN:sa=200003:usr=yes:os=no -experimental
399 [4416] INFO perfrun.sdk <> - runCmd started PID 21032
651 [4416] INFO perfrun.launcher <> - plugin [vtsspp] was disabled because it doesn't support the given collection type.
651 [4416] INFO perfrun.launcher <> - plugin [perf] was disabled because it doesn't support the given collection type.
651 [4416] INFO perfrun.launcher <> - plugin [aoclprofile] was disabled because it doesn't support the given collection type.
651 [4416] INFO perfrun.tpss <> - initialize tpss controller
651 [4416] INFO perfrun.launcher <> - plugin [tpss] was disabled because it doesn't support the given collection type.
651 [4416] INFO perfrun.launcher <> - plugin [] was disabled because it doesn't support the given collection type.
651 [4416] INFO perfrun.launcher <> - plugin [] was disabled because it doesn't support the given collection type.
651 [4416] INFO perfrun.launcher <> - plugin [] was disabled because it doesn't support the given collection type.
651 [4416] INFO perfrun.launcher <> - plugin [] was disabled because it doesn't support the given collection type.
651 [4416] INFO perfrun.launcher <> - plugin [power] was disabled because it doesn't support the given collection type.
651 [4416] INFO perfrun.launcher <> - plugin [] was disabled because it doesn't support the given collection type.
651 [4416] INFO perfrun.launcher <> - plugin [ipmwatch] was disabled because it doesn't support the given collection type.
651 [4416] INFO perfrun.launcher <> - plugin [os_counters] was disabled because it doesn't support the given collection type.
651 [4416] INFO perfrun.launcher <> - plugin [l0_metrics] was disabled because it doesn't support the given collection type.
651 [8680] INFO perfrun.launcher <> - set environment variable: PATH = C:\Program Files (x86)\Intel\oneAPI\vtune\2024.2\bin32\runtime;C:\Program Files (x86)\Intel\oneAPI\vtune\2024.2\bin64\runtime;C:\WINDOWS\system32;C:\WINDOWS;C:\WINDOWS\System32\Wbem;C:\WINDOWS\System32\WindowsPowerShell\v1.0\;C:\WINDOWS\System32\OpenSSH\;C:\Program Files\Git\cmd;C:\Program Files\Docker\Docker\resources\bin;C:\iverilog\bin;C:\DLDCA\iverilog\bin;C:\MinGW\bin;C:\Users\Admin\AppData\Local\Programs\Python\Python39\Scripts\;C:\Users\Admin\AppData\Local\Programs\Python\Python39\;C:\Program Files\MySQL\MySQL Shell 8.0\bin\;C:\Users\Admin\AppData\Local\Microsoft\WindowsApps;C:\Users\Admin\AppData\Local\Programs\Python\Python38-32\Scripts;C:\Users\Admin\AppData\Local\Programs\Python\Python38-32;C:\Users\Admin\AppData\Local\Programs\Microsoft VS Code\bin;C:\DLDCA\iverilog\gtkwave\bin
652 [8680] INFO perfrun.launcher <> - set environment variable: INTEL_LIBITTNOTIFY32 = C:\Program Files (x86)\Intel\oneAPI\vtune\2024.2\bin32\runtime\ittnotify_collector.dll
652 [8680] INFO perfrun.launcher <> - set environment variable: INTEL_LIBITTNOTIFY64 = C:\Program Files (x86)\Intel\oneAPI\vtune\2024.2\bin64\runtime\ittnotify_collector.dll
652 [8680] INFO perfrun.launcher <> - set environment variable: INTEL_ITTNOTIFY_GROUPS = 
652 [8680] INFO perfrun.launcher <> - set environment variable: INTEL_JIT_PROFILER32 = C:\Program Files (x86)\Intel\oneAPI\vtune\2024.2\bin32\runtime\ittnotify_collector.dll
652 [8680] INFO perfrun.launcher <> - set environment variable: INTEL_JIT_PROFILER64 = C:\Program Files (x86)\Intel\oneAPI\vtune\2024.2\bin64\runtime\ittnotify_collector.dll
652 [8680] INFO perfrun.launcher <> - set environment variable: ENABLE_JITPROFILING = 1
652 [8680] INFO perfrun.launcher <> - set environment variable: CL_CONFIG_USE_VTUNE = True
652 [8680] INFO perfrun.launcher <> - set environment variable: KMP_FORKJOIN_FRAMES = 0
653 [8680] INFO perfrun.launcher <> - set environment variable: KMP_FORKJOIN_FRAMES_MODE = 0
653 [8680] INFO perfrun.launcher <> - set environment variable: INTEL_MRTE_DATA_DIR = C:\CS683\PA_Assignemnt1\pa1-chak-de-microarchitecture-advanced_architects\part1\transpose\r005pt\data.0
653 [8680] INFO perfrun.launcher <> - set environment variable: INTEL_MRTE_HOST_NAME = LAPTOP-9PGAITT6
653 [8680] INFO perfrun.launcher <> - set environment variable: JAVA_TOOL_OPTIONS = -agentlib:amplxe_samplingmrte_javaprof_1.0
653 [8680] INFO perfrun.launcher <> - set environment variable: PATH = C:\Program Files (x86)\Intel\oneAPI\vtune\2024.2\bin32\runtime;C:\Program Files (x86)\Intel\oneAPI\vtune\2024.2\bin64\runtime;C:\WINDOWS\system32;C:\WINDOWS;C:\WINDOWS\System32\Wbem;C:\WINDOWS\System32\WindowsPowerShell\v1.0\;C:\WINDOWS\System32\OpenSSH\;C:\Program Files\Git\cmd;C:\Program Files\Docker\Docker\resources\bin;C:\iverilog\bin;C:\DLDCA\iverilog\bin;C:\MinGW\bin;C:\Users\Admin\AppData\Local\Programs\Python\Python39\Scripts\;C:\Users\Admin\AppData\Local\Programs\Python\Python39\;C:\Program Files\MySQL\MySQL Shell 8.0\bin\;C:\Users\Admin\AppData\Local\Microsoft\WindowsApps;C:\Users\Admin\AppData\Local\Programs\Python\Python38-32\Scripts;C:\Users\Admin\AppData\Local\Programs\Python\Python38-32;C:\Users\Admin\AppData\Local\Programs\Microsoft VS Code\bin;C:\DLDCA\iverilog\gtkwave\bin
653 [8680] INFO perfrun.launcher <> - set environment variable: COR_ENABLE_PROFILING = 1
653 [8680] INFO perfrun.launcher <> - set environment variable: COR_PROFILER = {AA5E4821-E3B1-479c-B7FF-5AD047D22CED}
653 [8680] INFO perfrun.launcher <> - set environment variable: COMPLUS_ProfAPI_ProfilerCompatibilitySetting = EnableV2Profiler
653 [8680] INFO perfrun.launcher <> - set environment variable: CORECLR_ENABLE_PROFILING = 1
653 [8680] INFO perfrun.launcher <> - set environment variable: CORECLR_PROFILER = {AA5E4821-E3B1-479c-B7FF-5AD047D22CED}
653 [8680] INFO perfrun.launcher <> - set environment variable: CORECLR_PROFILER_PATH = C:\Program Files (x86)\Intel\oneAPI\vtune\2024.2\bin64/amplxe_samplingmrte_clrprof_1.0.dll
654 [8680] INFO perfrun.launcher <> - set environment variable: INTEL_MRTE_PROFILER_MODE = mixed
654 [8680] INFO perfrun.launcher <> - RpcServer: run RPC server to handle requests
663 [8680] INFO perfrun.sdk <> - IProcessUtil: the given executable 'C:\CS683\PA_Assignemnt1\pa1-chak-de-microarchitecture-advanced_architects\part1\a.exe' is valid.
663 [8680] INFO perfrun.launcher <> - Launcher: command line to start before modification = C:\CS683\PA_Assignemnt1\pa1-chak-de-microarchitecture-advanced_architects\part1\a.exe 4096 100
663 [8680] INFO perfrun.launcher <> - Launcher: command line to start after modification = C:\CS683\PA_Assignemnt1\pa1-chak-de-microarchitecture-advanced_architects\part1\a.exe 4096 100
664 [8680] INFO perfrun.launcher <> - ProcessCreator object was created
671 [8680] INFO perfrun.launcher <> - Launcher: the process was started in suspend mode
672 [4416] INFO perfrun.itt <> - start itt controller for pid #11576
674 [4416] INFO perfrun.sdk <> - runCmd: "C:\Program Files (x86)\Intel\oneAPI\vtune\2024.2\bin64\sep.exe" -start -experimental -uem timer=10 -em factor=5 -p-state trigger=PT_CLOCKTICKS -out C:\CS683\PA_Assignemnt1\pa1-chak-de-microarchitecture-advanced_architects\part1\transpose\r005pt\data.0\sep1140.20240829T164047.751875 -ec BR_INST_RETIRED.NEAR_TAKEN:sa=200003:usr=yes:os=no, -d 0 -uem factor=10
680 [4416] INFO perfrun.sdk <> - runCmd started PID 1168
1710 [8680] INFO perfrun.launcher <> - Launcher: all plugins were started
1710 [8680] INFO perfrun.launcher <> - DirectoryMonitor object was created
1711 [8680] INFO perfrun.launcher <> - DirectoryMonitor: a callback was added
1711 [8680] INFO perfrun.launcher <> - DirectoryMonitor was started with pingTime = 1000
1711 [8680] INFO perfrun.launcher <> - DeadlineTimer is going to be constructed
1712 [8680] INFO perfrun.launcher <> - DeadlineTimer: a callback was added
1725 [8680] INFO perfrun.launcher <> - Launcher: resume the profiled application and  wait its termination or stop command
2969 [8680] INFO perfrun.launcher <> - Launcher: the profiled application was terminated  with exit code = 0
2988 [4416] INFO perfrun.itt <> - detach itt controller
2988 [4416] INFO perfrun.itt <> - detach itt controller done
2988 [4416] INFO perfrun.sdk <> - runCmd: "C:\Program Files (x86)\Intel\oneAPI\vtune\2024.2\bin64\sep.exe" -stop
2994 [4416] INFO perfrun.sdk <> - runCmd started PID 18528
3328 [4416] INFO perfrun.sepdk <> - Sampling successfully stopped.

3328 [4416] INFO perfrun.sepdk <> - Waiting for main SEP process (1168) to finish...
3328 [4416] WARN perfrun.sdk <> - Unexpected exit status - 53, at file: vcs\perfrun1\sdk\src\utils_win.cpp:541
3328 [4416] INFO perfrun.sdk <> - De-allocating TMU: C:\CS683\PA_Assignemnt1\pa1-chak-de-microarchitecture-advanced_architects\part1\transpose\r005pt\data.0\systemcollector-9280-LAPTOP-9PGAITT6.sc
3346 [4416] INFO perfrun.system <> - closed the system trace file: C:\CS683\PA_Assignemnt1\pa1-chak-de-microarchitecture-advanced_architects\part1\transpose\r005pt\data.0\systemcollector-9280-LAPTOP-9PGAITT6.sc
3346 [8680] INFO perfrun.launcher <> - Launcher: all plugins were stopped.
3346 [8680] INFO perfrun.launcher <> - DeadlineTimer is going to be destroyed
3347 [8680] INFO perfrun.launcher <> - DeadlineTimer was destroyed
3347 [8680] INFO perfrun.launcher <> - DirectoryMonitor object was destroyed
3347 [8680] WARN perfrun.launcher <> - Stop command is ignored because it is received when collection is already stopped, at file: vcs\perfrun1\launcher\src\command_handler.cpp:226
3349 [8680] INFO perfrun.launcher <> - Application exit code: 0
3349 [8680] INFO perfrun.launcher <> - Exit code: 0
