78 [12064] INFO perfrun.launcher <> - Launcher main begin
86 [12064] INFO perfrun.launcher <> - MessageCatalogInit finished
86 [12064] INFO perfrun.launcher <> - Launcher instance created
86 [12064] INFO perfrun.launcher <> - argc = 7; cmdline = C:\Program Files (x86)\Intel\oneAPI\vtune\latest\bin64\amplxe-runss.exe --ui-output-format xml --ui-output-fd 1040 --option-file C:\CS683\PA_Assignemnt1\pa1-chak-de-microarchitecture-advanced_architects\part1\vtune_results\config\runss.options 
102 [12064] INFO perfrun.launcher <> - New signal handler callback was added
152 [12064] INFO perfrun.perfcollector <> - SEP tool path: C:\Program Files (x86)\Intel\oneAPI\vtune\latest\bin64\sep.exe
172 [12064] INFO perfrun.launcher <> - create msngr2::ICliToolContext
173 [12064] INFO perfrun.launcher <> - create file finder object
174 [12064] INFO perfrun.launcher <> - create a result directory: pattern = C:\CS683\PA_Assignemnt1\pa1-chak-de-microarchitecture-advanced_architects\part1\vtune_results pid = 4294967295
178 [12064] INFO perfrun.launcher <> - create data directory = C:\CS683\PA_Assignemnt1\pa1-chak-de-microarchitecture-advanced_architects\part1\vtune_results\data.0
181 [12064] INFO perfrun.launcher <> - Creating the master collection flag
190 [12064] INFO perfrun.launcher <> - Done creating the master collection flag
191 [2456] INFO perfrun.launcher <> - plugin [remoteplug] was disabled because it doesn't support the given collection type.
193 [2456] INFO perfrun.sdk <> - Allocating TMU :C:\CS683\PA_Assignemnt1\pa1-chak-de-microarchitecture-advanced_architects\part1\vtune_results\data.0\systemcollector-20308-LAPTOP-9PGAITT6.sc
194 [2456] INFO perfrun.launcher <> - plugin [] was disabled because it doesn't support the given collection type.
197 [2456] INFO perfrun.launcher <> - plugin [] was disabled because it doesn't support the given collection type.
198 [2456] INFO perfrun.launcher <> - plugin [gpu] was disabled because it doesn't support the given collection type.
198 [2456] INFO perfrun.launcher <> - plugin [etw.kernel] was disabled because it doesn't support the given collection type.
198 [2456] INFO perfrun.launcher <> - plugin [etw.dx] was disabled because it doesn't support the given collection type.
198 [2456] INFO perfrun.launcher <> - plugin [etw.wsa] was disabled because it doesn't support the given collection type.
198 [2456] INFO perfrun.mrte <> - system-wide mode is 0
199 [2456] INFO perfrun.mrte <> - Getting  mrte profiling environment ...
289 [2456] INFO perfrun.mrte <> - INTEL_MRTE_DATA_DIR=C:\CS683\PA_Assignemnt1\pa1-chak-de-microarchitecture-advanced_architects\part1\vtune_results\data.0
289 [2456] INFO perfrun.mrte <> - INTEL_MRTE_HOST_NAME=LAPTOP-9PGAITT6
289 [2456] INFO perfrun.mrte <> - JAVA_TOOL_OPTIONS=-agentlib:amplxe_samplingmrte_javaprof_1.0
289 [2456] INFO perfrun.mrte <> - PATH=C:\Program Files (x86)\Intel\oneAPI\vtune\latest\bin32\runtime;C:\Program Files (x86)\Intel\oneAPI\vtune\latest\bin64\runtime;C:\WINDOWS\system32;C:\WINDOWS;C:\WINDOWS\System32\Wbem;C:\WINDOWS\System32\WindowsPowerShell\v1.0\;C:\WINDOWS\System32\OpenSSH\;C:\Program Files\Git\cmd;C:\Program Files\Docker\Docker\resources\bin;C:\iverilog\bin;C:\DLDCA\iverilog\bin;C:\Users\Admin\AppData\Local\Programs\Python\Python39\Scripts\;C:\Users\Admin\AppData\Local\Programs\Python\Python39\;C:\Program Files\MySQL\MySQL Shell 8.0\bin\;C:\Users\Admin\AppData\Local\Microsoft\WindowsApps;C:\Users\Admin\AppData\Local\Programs\Python\Python38-32\Scripts;C:\Users\Admin\AppData\Local\Programs\Python\Python38-32;C:\Users\Admin\AppData\Local\Programs\Microsoft VS Code\bin;C:\DLDCA\iverilog\bin;C:\DLDCA\iverilog\gtkwave\bin;C:\iverilog\bin;
289 [2456] INFO perfrun.mrte <> - COR_ENABLE_PROFILING=1
289 [2456] INFO perfrun.mrte <> - COR_PROFILER={AA5E4821-E3B1-479c-B7FF-5AD047D22CED}
289 [2456] INFO perfrun.mrte <> - COMPLUS_ProfAPI_ProfilerCompatibilitySetting=EnableV2Profiler
289 [2456] INFO perfrun.mrte <> - CORECLR_ENABLE_PROFILING=1
290 [2456] INFO perfrun.mrte <> - CORECLR_PROFILER={AA5E4821-E3B1-479c-B7FF-5AD047D22CED}
290 [2456] INFO perfrun.mrte <> - CORECLR_PROFILER_PATH=C:\Program Files (x86)\Intel\oneAPI\vtune\latest\bin64/amplxe_samplingmrte_clrprof_1.0.dll
290 [2456] INFO perfrun.mrte <> - INTEL_MRTE_PROFILER_MODE=mixed
290 [2456] INFO perfrun.mrte <> - Data directory: C:\CS683\PA_Assignemnt1\pa1-chak-de-microarchitecture-advanced_architects\part1\vtune_results\data.0
290 [2456] INFO perfrun.mrte <> - Mrte plugin is initialized
290 [2456] INFO perfrun.launcher <> - plugin [emon] was disabled because it doesn't support the given collection type.
290 [2456] INFO perfrun.launcher <> - plugin [cuscol] was disabled because it doesn't support the given collection type.
291 [2456] INFO perfrun.launcher <> - plugin [stdsrc] was disabled because it doesn't support the given collection type.
291 [2456] INFO perfrun.launcher <> - plugin [sep] was disabled because it doesn't support the given collection type.
291 [2456] INFO perfrun.launcher <> - plugin [vtsspp] was disabled because it doesn't support the given collection type.
292 [2456] INFO perfrun.launcher <> - plugin [perf] was disabled because it doesn't support the given collection type.
292 [2456] INFO perfrun.launcher <> - plugin [aoclprofile] was disabled because it doesn't support the given collection type.
292 [2456] INFO perfrun.tpss <> - initialize tpss controller
292 [2456] INFO perfrun.tpss <> - configure collection mode: value = cpu:counters:nostack
294 [2456] INFO perfrun.tpss <> - configure collection mode: value = cpu:stack
294 [2456] INFO perfrun.tpss <> - default obj-size-min=1024
294 [2456] INFO perfrun.tpss <> - default hash-table-size=0
295 [2456] INFO perfrun.launcher <> - plugin [] was disabled because it doesn't support the given collection type.
295 [2456] INFO perfrun.launcher <> - plugin [] was disabled because it doesn't support the given collection type.
295 [2456] INFO perfrun.launcher <> - plugin [] was disabled because it doesn't support the given collection type.
295 [2456] INFO perfrun.launcher <> - plugin [] was disabled because it doesn't support the given collection type.
295 [2456] INFO perfrun.launcher <> - plugin [power] was disabled because it doesn't support the given collection type.
295 [2456] INFO perfrun.launcher <> - plugin [] was disabled because it doesn't support the given collection type.
296 [2456] INFO perfrun.launcher <> - plugin [ipmwatch] was disabled because it doesn't support the given collection type.
296 [2456] INFO perfrun.launcher <> - plugin [os_counters] was disabled because it doesn't support the given collection type.
296 [2456] INFO perfrun.launcher <> - plugin [l0_metrics] was disabled because it doesn't support the given collection type.
296 [12064] INFO perfrun.launcher <> - set environment variable: PATH = C:\Program Files (x86)\Intel\oneAPI\vtune\latest\bin32\runtime;C:\Program Files (x86)\Intel\oneAPI\vtune\latest\bin64\runtime;C:\WINDOWS\system32;C:\WINDOWS;C:\WINDOWS\System32\Wbem;C:\WINDOWS\System32\WindowsPowerShell\v1.0\;C:\WINDOWS\System32\OpenSSH\;C:\Program Files\Git\cmd;C:\Program Files\Docker\Docker\resources\bin;C:\iverilog\bin;C:\DLDCA\iverilog\bin;C:\Users\Admin\AppData\Local\Programs\Python\Python39\Scripts\;C:\Users\Admin\AppData\Local\Programs\Python\Python39\;C:\Program Files\MySQL\MySQL Shell 8.0\bin\;C:\Users\Admin\AppData\Local\Microsoft\WindowsApps;C:\Users\Admin\AppData\Local\Programs\Python\Python38-32\Scripts;C:\Users\Admin\AppData\Local\Programs\Python\Python38-32;C:\Users\Admin\AppData\Local\Programs\Microsoft VS Code\bin;C:\DLDCA\iverilog\bin;C:\DLDCA\iverilog\gtkwave\bin;C:\iverilog\bin;
297 [12064] INFO perfrun.launcher <> - set environment variable: INTEL_LIBITTNOTIFY32 = C:\Program Files (x86)\Intel\oneAPI\vtune\latest\bin32\runtime\ittnotify_collector.dll
297 [12064] INFO perfrun.launcher <> - set environment variable: INTEL_LIBITTNOTIFY64 = C:\Program Files (x86)\Intel\oneAPI\vtune\latest\bin64\runtime\ittnotify_collector.dll
297 [12064] INFO perfrun.launcher <> - set environment variable: INTEL_ITTNOTIFY_GROUPS = 
297 [12064] INFO perfrun.launcher <> - set environment variable: INTEL_JIT_PROFILER32 = C:\Program Files (x86)\Intel\oneAPI\vtune\latest\bin32\runtime\ittnotify_collector.dll
298 [12064] INFO perfrun.launcher <> - set environment variable: INTEL_JIT_PROFILER64 = C:\Program Files (x86)\Intel\oneAPI\vtune\latest\bin64\runtime\ittnotify_collector.dll
298 [12064] INFO perfrun.launcher <> - set environment variable: ENABLE_JITPROFILING = 1
298 [12064] INFO perfrun.launcher <> - set environment variable: CL_CONFIG_USE_VTUNE = True
299 [12064] INFO perfrun.launcher <> - set environment variable: KMP_FORKJOIN_FRAMES = 0
299 [12064] INFO perfrun.launcher <> - set environment variable: KMP_FORKJOIN_FRAMES_MODE = 0
299 [12064] INFO perfrun.launcher <> - set environment variable: INTEL_MRTE_DATA_DIR = C:\CS683\PA_Assignemnt1\pa1-chak-de-microarchitecture-advanced_architects\part1\vtune_results\data.0
299 [12064] INFO perfrun.launcher <> - set environment variable: INTEL_MRTE_HOST_NAME = LAPTOP-9PGAITT6
299 [12064] INFO perfrun.launcher <> - set environment variable: JAVA_TOOL_OPTIONS = -agentlib:amplxe_samplingmrte_javaprof_1.0
299 [12064] INFO perfrun.launcher <> - set environment variable: PATH = C:\Program Files (x86)\Intel\oneAPI\vtune\latest\bin32\runtime;C:\Program Files (x86)\Intel\oneAPI\vtune\latest\bin64\runtime;C:\WINDOWS\system32;C:\WINDOWS;C:\WINDOWS\System32\Wbem;C:\WINDOWS\System32\WindowsPowerShell\v1.0\;C:\WINDOWS\System32\OpenSSH\;C:\Program Files\Git\cmd;C:\Program Files\Docker\Docker\resources\bin;C:\iverilog\bin;C:\DLDCA\iverilog\bin;C:\Users\Admin\AppData\Local\Programs\Python\Python39\Scripts\;C:\Users\Admin\AppData\Local\Programs\Python\Python39\;C:\Program Files\MySQL\MySQL Shell 8.0\bin\;C:\Users\Admin\AppData\Local\Microsoft\WindowsApps;C:\Users\Admin\AppData\Local\Programs\Python\Python38-32\Scripts;C:\Users\Admin\AppData\Local\Programs\Python\Python38-32;C:\Users\Admin\AppData\Local\Programs\Microsoft VS Code\bin;C:\DLDCA\iverilog\bin;C:\DLDCA\iverilog\gtkwave\bin;C:\iverilog\bin;
299 [12064] INFO perfrun.launcher <> - set environment variable: COR_ENABLE_PROFILING = 1
299 [12064] INFO perfrun.launcher <> - set environment variable: COR_PROFILER = {AA5E4821-E3B1-479c-B7FF-5AD047D22CED}
299 [12064] INFO perfrun.launcher <> - set environment variable: COMPLUS_ProfAPI_ProfilerCompatibilitySetting = EnableV2Profiler
299 [12064] INFO perfrun.launcher <> - set environment variable: CORECLR_ENABLE_PROFILING = 1
299 [12064] INFO perfrun.launcher <> - set environment variable: CORECLR_PROFILER = {AA5E4821-E3B1-479c-B7FF-5AD047D22CED}
299 [12064] INFO perfrun.launcher <> - set environment variable: CORECLR_PROFILER_PATH = C:\Program Files (x86)\Intel\oneAPI\vtune\latest\bin64/amplxe_samplingmrte_clrprof_1.0.dll
300 [12064] INFO perfrun.launcher <> - set environment variable: INTEL_MRTE_PROFILER_MODE = mixed
300 [12064] INFO perfrun.launcher <> - RpcServer: run RPC server to handle requests
308 [12064] INFO perfrun.sdk <> - IProcessUtil: the given executable 'wsl' is valid.
308 [12064] INFO perfrun.launcher <> - Launcher: command line to start before modification = wsl ./my_program
312 [12064] INFO perfrun.launcher <> - Launcher: command line to start after modification = C:\Program Files (x86)\Intel\oneAPI\vtune\2024.2\bin64\pin.exe -error_file C:\CS683\PA_Assignemnt1\pa1-chak-de-microarchitecture-advanced_architects\part1\vtune_results\data.0\pinerr.tpsslog -detach_reattach -probe -follow_execv -p32 C:\Program Files (x86)\Intel\oneAPI\vtune\latest\bin32\pin.exe -p64 C:\Program Files (x86)\Intel\oneAPI\vtune\latest\bin64\pin.exe -t64 C:\Program Files (x86)\Intel\oneAPI\vtune\latest\bin64\tpsstool.dll -t C:\Program Files (x86)\Intel\oneAPI\vtune\latest\bin32\tpsstool.dll -server_name tpss_ipc.20308 -prd_dir C:\Program Files (x86)\Intel\oneAPI\vtune\2024.2 -- wsl ./my_program
312 [12064] INFO perfrun.launcher <> - ProcessCreator object was created
332 [12064] INFO perfrun.launcher <> - Launcher: the process was started in suspend mode
358 [2456] WARN perfrun.system <> - Only 2 usec accuracy achieved for reference point, at file: vcs\perfrun1\plugins\system\src\trace_writer.cpp:320
359 [2456] INFO perfrun.itt <> - start itt controller for pid #11948
365 [2456] INFO perfrun.tpss <> - start tpss controller for pid #11948
423 [12064] INFO perfrun.launcher <> - Launcher: all plugins were started
423 [12064] INFO perfrun.launcher <> - DirectoryMonitor object was created
424 [12064] INFO perfrun.launcher <> - DirectoryMonitor: a callback was added
424 [12064] INFO perfrun.launcher <> - DirectoryMonitor was started with pingTime = 1000
424 [12064] INFO perfrun.launcher <> - DeadlineTimer is going to be constructed
425 [12064] INFO perfrun.launcher <> - DeadlineTimer: a callback was added
434 [12064] INFO perfrun.launcher <> - Launcher: resume the profiled application and  wait its termination or stop command
3499 [12064] WARN perfrun.sdk <> - Unexpected exit status - 127, at file: vcs\perfrun1\sdk\src\utils_win.cpp:541
3499 [12064] INFO perfrun.launcher <> - Launcher: the profiled application was terminated  with exit code = 127
3524 [2456] INFO perfrun.itt <> - detach itt controller
3524 [2456] INFO perfrun.itt <> - detach itt controller done
3524 [2456] INFO perfrun.tpss <> - stop tpss controller
3527 [2456] INFO perfrun.sdk <> - De-allocating TMU: C:\CS683\PA_Assignemnt1\pa1-chak-de-microarchitecture-advanced_architects\part1\vtune_results\data.0\systemcollector-20308-LAPTOP-9PGAITT6.sc
3547 [2456] INFO perfrun.system <> - closed the system trace file: C:\CS683\PA_Assignemnt1\pa1-chak-de-microarchitecture-advanced_architects\part1\vtune_results\data.0\systemcollector-20308-LAPTOP-9PGAITT6.sc
3547 [12064] INFO perfrun.launcher <> - Launcher: all plugins were stopped.
3547 [12064] INFO perfrun.launcher <> - DeadlineTimer is going to be destroyed
3548 [12064] INFO perfrun.launcher <> - DeadlineTimer was destroyed
3548 [12064] INFO perfrun.launcher <> - DirectoryMonitor object was destroyed
3548 [12064] WARN perfrun.launcher <> - Stop command is ignored because it is received when collection is already stopped, at file: vcs\perfrun1\launcher\src\command_handler.cpp:226
3550 [12064] INFO perfrun.launcher <> - Application exit code: 127
3550 [12064] INFO perfrun.launcher <> - Exit code: 4
