134 [20904] INFO perfrun.launcher <> - Launcher main begin
151 [20904] INFO perfrun.launcher <> - MessageCatalogInit finished
157 [20904] INFO perfrun.launcher <> - Launcher instance created
158 [20904] INFO perfrun.launcher <> - argc = 7; cmdline = C:\Program Files (x86)\Intel\oneAPI\vtune\2024.2\bin64\amplxe-runss.exe --ui-output-format xml --ui-output-fd 996 --option-file C:\CS683\PA_Assignemnt1\pa1-chak-de-microarchitecture-advanced_architects\part1\transpose\r006macc\config\runsa.options 
203 [20904] INFO perfrun.launcher <> - New signal handler callback was added
315 [20904] INFO perfrun.perfcollector <> - SEP tool path: C:\Program Files (x86)\Intel\oneAPI\vtune\2024.2\bin64\sep.exe
345 [20904] INFO perfrun.launcher <> - create msngr2::ICliToolContext
345 [20904] INFO perfrun.launcher <> - create file finder object
346 [20904] INFO perfrun.launcher <> - create a result directory: pattern = C:\CS683\PA_Assignemnt1\pa1-chak-de-microarchitecture-advanced_architects\part1\transpose\r006macc pid = 4294967295
354 [20904] INFO perfrun.launcher <> - create data directory = C:\CS683\PA_Assignemnt1\pa1-chak-de-microarchitecture-advanced_architects\part1\transpose\r006macc\data.0
363 [20904] INFO perfrun.launcher <> - Creating the master collection flag
378 [20904] INFO perfrun.launcher <> - Done creating the master collection flag
378 [7508] INFO perfrun.launcher <> - plugin [remoteplug] was disabled because it doesn't support the given collection type.
379 [7508] INFO perfrun.sdk <> - Allocating TMU :C:\CS683\PA_Assignemnt1\pa1-chak-de-microarchitecture-advanced_architects\part1\transpose\r006macc\data.0\systemcollector-8240-LAPTOP-9PGAITT6.sc
380 [7508] INFO perfrun.launcher <> - plugin [] was disabled because it doesn't support the given collection type.
385 [7508] INFO perfrun.launcher <> - plugin [] was disabled because it doesn't support the given collection type.
385 [7508] INFO perfrun.launcher <> - plugin [gpu] was disabled because it doesn't support the given collection type.
385 [7508] INFO perfrun.launcher <> - plugin [etw.kernel] was disabled because it doesn't support the given collection type.
385 [7508] INFO perfrun.launcher <> - plugin [etw.dx] was disabled because it doesn't support the given collection type.
385 [7508] INFO perfrun.launcher <> - plugin [etw.wsa] was disabled because it doesn't support the given collection type.
385 [7508] INFO perfrun.mrte <> - system-wide mode is 0
386 [7508] INFO perfrun.mrte <> - Getting  mrte profiling environment ...
445 [7508] INFO perfrun.mrte <> - INTEL_MRTE_DATA_DIR=C:\CS683\PA_Assignemnt1\pa1-chak-de-microarchitecture-advanced_architects\part1\transpose\r006macc\data.0
445 [7508] INFO perfrun.mrte <> - INTEL_MRTE_HOST_NAME=LAPTOP-9PGAITT6
445 [7508] INFO perfrun.mrte <> - JAVA_TOOL_OPTIONS=-agentlib:amplxe_samplingmrte_javaprof_1.0
445 [7508] INFO perfrun.mrte <> - PATH=C:\Program Files (x86)\Intel\oneAPI\vtune\2024.2\bin32\runtime;C:\Program Files (x86)\Intel\oneAPI\vtune\2024.2\bin64\runtime;C:\WINDOWS\system32;C:\WINDOWS;C:\WINDOWS\System32\Wbem;C:\WINDOWS\System32\WindowsPowerShell\v1.0\;C:\WINDOWS\System32\OpenSSH\;C:\Program Files\Git\cmd;C:\Program Files\Docker\Docker\resources\bin;C:\iverilog\bin;C:\DLDCA\iverilog\bin;C:\MinGW\bin;C:\Users\Admin\AppData\Local\Programs\Python\Python39\Scripts\;C:\Users\Admin\AppData\Local\Programs\Python\Python39\;C:\Program Files\MySQL\MySQL Shell 8.0\bin\;C:\Users\Admin\AppData\Local\Microsoft\WindowsApps;C:\Users\Admin\AppData\Local\Programs\Python\Python38-32\Scripts;C:\Users\Admin\AppData\Local\Programs\Python\Python38-32;C:\Users\Admin\AppData\Local\Programs\Microsoft VS Code\bin;C:\DLDCA\iverilog\gtkwave\bin
445 [7508] INFO perfrun.mrte <> - COR_ENABLE_PROFILING=1
445 [7508] INFO perfrun.mrte <> - COR_PROFILER={AA5E4821-E3B1-479c-B7FF-5AD047D22CED}
445 [7508] INFO perfrun.mrte <> - COMPLUS_ProfAPI_ProfilerCompatibilitySetting=EnableV2Profiler
445 [7508] INFO perfrun.mrte <> - CORECLR_ENABLE_PROFILING=1
446 [7508] INFO perfrun.mrte <> - CORECLR_PROFILER={AA5E4821-E3B1-479c-B7FF-5AD047D22CED}
446 [7508] INFO perfrun.mrte <> - CORECLR_PROFILER_PATH=C:\Program Files (x86)\Intel\oneAPI\vtune\2024.2\bin64/amplxe_samplingmrte_clrprof_1.0.dll
446 [7508] INFO perfrun.mrte <> - INTEL_MRTE_PROFILER_MODE=mixed
446 [7508] INFO perfrun.mrte <> - Data directory: C:\CS683\PA_Assignemnt1\pa1-chak-de-microarchitecture-advanced_architects\part1\transpose\r006macc\data.0
446 [7508] INFO perfrun.mrte <> - Mrte plugin is initialized
446 [7508] INFO perfrun.launcher <> - plugin [emon] was disabled because it doesn't support the given collection type.
446 [7508] INFO perfrun.launcher <> - plugin [cuscol] was disabled because it doesn't support the given collection type.
446 [7508] INFO perfrun.launcher <> - plugin [stdsrc] was disabled because it doesn't support the given collection type.
448 [7508] INFO perfrun.sdk <> - runCmd: "C:\Program Files (x86)\Intel\oneAPI\vtune\2024.2\bin64\sep.exe" -dry-run -ec CPU_CLK_UNHALTED.THREAD:sa=1000000,CPU_CLK_UNHALTED.REF_TSC:sample:sa=1000000,INST_RETIRED.ANY:sample:sa=1000000,CPU_CLK_UNHALTED.DISTRIBUTED:sa=1000000,MEM_INST_RETIRED.ALL_LOADS:sa=100003,MEM_INST_RETIRED.ALL_STORES:sa=100003,MEM_TRANS_RETIRED.LOAD_LATENCY_GT_4:sa=10003,CPU_CLK_UNHALTED.THREAD_P,CYCLE_ACTIVITY.CYCLES_L1D_MISS,CYCLE_ACTIVITY.CYCLES_MEM_ANY,CYCLE_ACTIVITY.STALLS_L1D_MISS,CYCLE_ACTIVITY.STALLS_L2_MISS,CYCLE_ACTIVITY.STALLS_L3_MISS,CYCLE_ACTIVITY.STALLS_MEM_ANY,CYCLE_ACTIVITY.STALLS_TOTAL,DTLB_LOAD_MISSES.STLB_HIT:cmask=1,DTLB_LOAD_MISSES.WALK_ACTIVE,DTLB_STORE_MISSES.STLB_HIT:cmask=1,DTLB_STORE_MISSES.WALK_ACTIVE,EXE_ACTIVITY.1_PORTS_UTIL,EXE_ACTIVITY.2_PORTS_UTIL,EXE_ACTIVITY.BOUND_ON_STORES,FRONTEND_RETIRED.LATENCY_GE_4,IDQ_UOPS_NOT_DELIVERED.CORE,INT_MISC.RECOVERY_CYCLES:cmask=1:e=yes,INT_MISC.UOP_DROPPING,L1D_PEND_MISS.FB_FULL,L1D_PEND_MISS.FB_FULL_PERIODS,L1D_PEND_MISS.L2_STALL,L1D_PEND_MISS.PENDING,L2_RQSTS.ALL_RFO,L2_RQSTS.RFO_HIT,LD_BLOCKS.NO_SR,LD_BLOCKS.STORE_FORWARD,LD_BLOCKS_PARTIAL.ADDRESS_ALIAS,MEM_INST_RETIRED.LOCK_LOADS,MEM_INST_RETIRED.SPLIT_LOADS,MEM_INST_RETIRED.SPLIT_STORES,MEM_INST_RETIRED.STLB_MISS_LOADS,MEM_INST_RETIRED.STLB_MISS_STORES,MEM_LOAD_L3_HIT_RETIRED.XSNP_HIT,MEM_LOAD_L3_HIT_RETIRED.XSNP_HITM,MEM_LOAD_L3_HIT_RETIRED.XSNP_MISS,MEM_LOAD_RETIRED.FB_HIT,MEM_LOAD_RETIRED.L1_HIT,MEM_LOAD_RETIRED.L1_MISS,MEM_LOAD_RETIRED.L2_HIT,MEM_LOAD_RETIRED.L3_HIT,MEM_LOAD_RETIRED.L3_MISS,OFFCORE_REQUESTS_OUTSTANDING.ALL_DATA_RD:cmask=4,OFFCORE_REQUESTS_OUTSTANDING.CYCLES_WITH_DATA_RD,OFFCORE_REQUESTS_OUTSTANDING.CYCLES_WITH_DEMAND_RFO,TOPDOWN.BACKEND_BOUND_SLOTS,TOPDOWN.SLOTS,UOPS_RETIRED.SLOTS,OCR.DEMAND_RFO.L3_HIT.SNOOP_HITM,OCR.STREAMING_WR.ANY_RESPONSE,UNC_IMC_DRAM_DATA_READS,UNC_IMC_DRAM_DATA_WRITES -experimental
456 [7508] INFO perfrun.sdk <> - runCmd started PID 7980
782 [7508] INFO perfrun.launcher <> - plugin [vtsspp] was disabled because it doesn't support the given collection type.
782 [7508] INFO perfrun.launcher <> - plugin [perf] was disabled because it doesn't support the given collection type.
782 [7508] INFO perfrun.launcher <> - plugin [aoclprofile] was disabled because it doesn't support the given collection type.
782 [7508] INFO perfrun.tpss <> - initialize tpss controller
782 [7508] INFO perfrun.launcher <> - plugin [tpss] was disabled because it doesn't support the given collection type.
783 [7508] INFO perfrun.launcher <> - plugin [] was disabled because it doesn't support the given collection type.
783 [7508] INFO perfrun.launcher <> - plugin [] was disabled because it doesn't support the given collection type.
783 [7508] INFO perfrun.launcher <> - plugin [] was disabled because it doesn't support the given collection type.
783 [7508] INFO perfrun.launcher <> - plugin [] was disabled because it doesn't support the given collection type.
783 [7508] INFO perfrun.launcher <> - plugin [power] was disabled because it doesn't support the given collection type.
783 [7508] INFO perfrun.launcher <> - plugin [] was disabled because it doesn't support the given collection type.
783 [7508] INFO perfrun.launcher <> - plugin [ipmwatch] was disabled because it doesn't support the given collection type.
783 [7508] INFO perfrun.launcher <> - plugin [os_counters] was disabled because it doesn't support the given collection type.
783 [7508] INFO perfrun.launcher <> - plugin [l0_metrics] was disabled because it doesn't support the given collection type.
783 [20904] INFO perfrun.launcher <> - set environment variable: PATH = C:\Program Files (x86)\Intel\oneAPI\vtune\2024.2\bin32\runtime;C:\Program Files (x86)\Intel\oneAPI\vtune\2024.2\bin64\runtime;C:\WINDOWS\system32;C:\WINDOWS;C:\WINDOWS\System32\Wbem;C:\WINDOWS\System32\WindowsPowerShell\v1.0\;C:\WINDOWS\System32\OpenSSH\;C:\Program Files\Git\cmd;C:\Program Files\Docker\Docker\resources\bin;C:\iverilog\bin;C:\DLDCA\iverilog\bin;C:\MinGW\bin;C:\Users\Admin\AppData\Local\Programs\Python\Python39\Scripts\;C:\Users\Admin\AppData\Local\Programs\Python\Python39\;C:\Program Files\MySQL\MySQL Shell 8.0\bin\;C:\Users\Admin\AppData\Local\Microsoft\WindowsApps;C:\Users\Admin\AppData\Local\Programs\Python\Python38-32\Scripts;C:\Users\Admin\AppData\Local\Programs\Python\Python38-32;C:\Users\Admin\AppData\Local\Programs\Microsoft VS Code\bin;C:\DLDCA\iverilog\gtkwave\bin
783 [20904] INFO perfrun.launcher <> - set environment variable: INTEL_LIBITTNOTIFY32 = C:\Program Files (x86)\Intel\oneAPI\vtune\2024.2\bin32\runtime\ittnotify_collector.dll
784 [20904] INFO perfrun.launcher <> - set environment variable: INTEL_LIBITTNOTIFY64 = C:\Program Files (x86)\Intel\oneAPI\vtune\2024.2\bin64\runtime\ittnotify_collector.dll
784 [20904] INFO perfrun.launcher <> - set environment variable: INTEL_ITTNOTIFY_GROUPS = 
784 [20904] INFO perfrun.launcher <> - set environment variable: INTEL_JIT_PROFILER32 = C:\Program Files (x86)\Intel\oneAPI\vtune\2024.2\bin32\runtime\ittnotify_collector.dll
784 [20904] INFO perfrun.launcher <> - set environment variable: INTEL_JIT_PROFILER64 = C:\Program Files (x86)\Intel\oneAPI\vtune\2024.2\bin64\runtime\ittnotify_collector.dll
784 [20904] INFO perfrun.launcher <> - set environment variable: ENABLE_JITPROFILING = 1
784 [20904] INFO perfrun.launcher <> - set environment variable: CL_CONFIG_USE_VTUNE = True
784 [20904] INFO perfrun.launcher <> - set environment variable: KMP_FORKJOIN_FRAMES = 0
785 [20904] INFO perfrun.launcher <> - set environment variable: KMP_FORKJOIN_FRAMES_MODE = 0
785 [20904] INFO perfrun.launcher <> - set environment variable: INTEL_MRTE_DATA_DIR = C:\CS683\PA_Assignemnt1\pa1-chak-de-microarchitecture-advanced_architects\part1\transpose\r006macc\data.0
785 [20904] INFO perfrun.launcher <> - set environment variable: INTEL_MRTE_HOST_NAME = LAPTOP-9PGAITT6
785 [20904] INFO perfrun.launcher <> - set environment variable: JAVA_TOOL_OPTIONS = -agentlib:amplxe_samplingmrte_javaprof_1.0
785 [20904] INFO perfrun.launcher <> - set environment variable: PATH = C:\Program Files (x86)\Intel\oneAPI\vtune\2024.2\bin32\runtime;C:\Program Files (x86)\Intel\oneAPI\vtune\2024.2\bin64\runtime;C:\WINDOWS\system32;C:\WINDOWS;C:\WINDOWS\System32\Wbem;C:\WINDOWS\System32\WindowsPowerShell\v1.0\;C:\WINDOWS\System32\OpenSSH\;C:\Program Files\Git\cmd;C:\Program Files\Docker\Docker\resources\bin;C:\iverilog\bin;C:\DLDCA\iverilog\bin;C:\MinGW\bin;C:\Users\Admin\AppData\Local\Programs\Python\Python39\Scripts\;C:\Users\Admin\AppData\Local\Programs\Python\Python39\;C:\Program Files\MySQL\MySQL Shell 8.0\bin\;C:\Users\Admin\AppData\Local\Microsoft\WindowsApps;C:\Users\Admin\AppData\Local\Programs\Python\Python38-32\Scripts;C:\Users\Admin\AppData\Local\Programs\Python\Python38-32;C:\Users\Admin\AppData\Local\Programs\Microsoft VS Code\bin;C:\DLDCA\iverilog\gtkwave\bin
785 [20904] INFO perfrun.launcher <> - set environment variable: COR_ENABLE_PROFILING = 1
786 [20904] INFO perfrun.launcher <> - set environment variable: COR_PROFILER = {AA5E4821-E3B1-479c-B7FF-5AD047D22CED}
786 [20904] INFO perfrun.launcher <> - set environment variable: COMPLUS_ProfAPI_ProfilerCompatibilitySetting = EnableV2Profiler
786 [20904] INFO perfrun.launcher <> - set environment variable: CORECLR_ENABLE_PROFILING = 1
786 [20904] INFO perfrun.launcher <> - set environment variable: CORECLR_PROFILER = {AA5E4821-E3B1-479c-B7FF-5AD047D22CED}
786 [20904] INFO perfrun.launcher <> - set environment variable: CORECLR_PROFILER_PATH = C:\Program Files (x86)\Intel\oneAPI\vtune\2024.2\bin64/amplxe_samplingmrte_clrprof_1.0.dll
786 [20904] INFO perfrun.launcher <> - set environment variable: INTEL_MRTE_PROFILER_MODE = mixed
787 [20904] INFO perfrun.launcher <> - RpcServer: run RPC server to handle requests
801 [20904] INFO perfrun.sdk <> - IProcessUtil: the given executable 'C:\CS683\PA_Assignemnt1\pa1-chak-de-microarchitecture-advanced_architects\part1\a.exe' is valid.
801 [20904] INFO perfrun.launcher <> - Launcher: command line to start before modification = C:\CS683\PA_Assignemnt1\pa1-chak-de-microarchitecture-advanced_architects\part1\a.exe 4096 100
801 [20904] INFO perfrun.launcher <> - Launcher: command line to start after modification = C:\CS683\PA_Assignemnt1\pa1-chak-de-microarchitecture-advanced_architects\part1\a.exe 4096 100
801 [20904] INFO perfrun.launcher <> - ProcessCreator object was created
809 [20904] INFO perfrun.launcher <> - Launcher: the process was started in suspend mode
809 [7508] INFO perfrun.launcher <> - Messenger::say: Peak bandwidth measurement started.
4658 [7508] INFO perfrun.launcher <> - Messenger::say: Peak bandwidth measurement finished.
4663 [7508] INFO perfrun.itt <> - start itt controller for pid #7172
4664 [7508] INFO perfrun.sdk <> - runCmd: "C:\Program Files (x86)\Intel\oneAPI\vtune\2024.2\bin64\sep.exe" -start -experimental -uem timer=10 -em factor=5 -p-state trigger=CPU_CLK_UNHALTED.REF_TSC -out C:\CS683\PA_Assignemnt1\pa1-chak-de-microarchitecture-advanced_architects\part1\transpose\r006macc\data.0\sep1d54.20240829T164141.218370 -ec INST_RETIRED.ANY:sample:sa=1000000,CPU_CLK_UNHALTED.THREAD:sa=1000000,CPU_CLK_UNHALTED.REF_TSC:sample:sa=1000000,MEM_INST_RETIRED.ALL_LOADS:sa=100003,MEM_INST_RETIRED.ALL_STORES:sa=100003,CYCLE_ACTIVITY.CYCLES_L1D_MISS,CYCLE_ACTIVITY.STALLS_L1D_MISS,CPU_CLK_UNHALTED.DISTRIBUTED:sa=1000000,MEM_TRANS_RETIRED.LOAD_LATENCY_GT_4:sa=10003,CPU_CLK_UNHALTED.THREAD_P,CYCLE_ACTIVITY.CYCLES_MEM_ANY,CYCLE_ACTIVITY.STALLS_L2_MISS,CYCLE_ACTIVITY.STALLS_L3_MISS,DTLB_LOAD_MISSES.STLB_HIT:cmask=1,DTLB_LOAD_MISSES.WALK_ACTIVE,CYCLE_ACTIVITY.STALLS_MEM_ANY,CYCLE_ACTIVITY.STALLS_TOTAL,EXE_ACTIVITY.1_PORTS_UTIL,EXE_ACTIVITY.2_PORTS_UTIL,DTLB_STORE_MISSES.STLB_HIT:cmask=1,DTLB_STORE_MISSES.WALK_ACTIVE,L1D_PEND_MISS.FB_FULL,L1D_PEND_MISS.FB_FULL_PERIODS,EXE_ACTIVITY.BOUND_ON_STORES,FRONTEND_RETIRED.LATENCY_GE_4,IDQ_UOPS_NOT_DELIVERED.CORE,INT_MISC.RECOVERY_CYCLES:cmask=1:e=yes,L1D_PEND_MISS.L2_STALL,L1D_PEND_MISS.PENDING,L2_RQSTS.ALL_RFO,L2_RQSTS.RFO_HIT,INT_MISC.UOP_DROPPING,TOPDOWN.BACKEND_BOUND_SLOTS,UOPS_RETIRED.SLOTS,LD_BLOCKS.NO_SR,LD_BLOCKS.STORE_FORWARD,LD_BLOCKS_PARTIAL.ADDRESS_ALIAS,MEM_INST_RETIRED.LOCK_LOADS,MEM_INST_RETIRED.SPLIT_LOADS,MEM_INST_RETIRED.SPLIT_STORES,MEM_INST_RETIRED.STLB_MISS_LOADS,MEM_INST_RETIRED.STLB_MISS_STORES,MEM_LOAD_L3_HIT_RETIRED.XSNP_HIT,MEM_LOAD_L3_HIT_RETIRED.XSNP_HITM,MEM_LOAD_L3_HIT_RETIRED.XSNP_MISS,MEM_LOAD_RETIRED.FB_HIT,MEM_LOAD_RETIRED.L1_HIT,MEM_LOAD_RETIRED.L1_MISS,MEM_LOAD_RETIRED.L2_HIT,MEM_LOAD_RETIRED.L3_HIT,MEM_LOAD_RETIRED.L3_MISS,OFFCORE_REQUESTS_OUTSTANDING.ALL_DATA_RD:cmask=4,OFFCORE_REQUESTS_OUTSTANDING.CYCLES_WITH_DATA_RD,OFFCORE_REQUESTS_OUTSTANDING.CYCLES_WITH_DEMAND_RFO,OCR.DEMAND_RFO.L3_HIT.SNOOP_HITM,OCR.STREAMING_WR.ANY_RESPONSE,UNC_IMC_DRAM_DATA_READS,UNC_IMC_DRAM_DATA_WRITES, -d 0 -uem factor=10
4671 [7508] INFO perfrun.sdk <> - runCmd started PID 18532
5674 [20904] INFO perfrun.launcher <> - Launcher: all plugins were started
5675 [20904] INFO perfrun.launcher <> - DirectoryMonitor object was created
5676 [20904] INFO perfrun.launcher <> - DirectoryMonitor: a callback was added
5676 [20904] INFO perfrun.launcher <> - DirectoryMonitor was started with pingTime = 1000
5676 [20904] INFO perfrun.launcher <> - DeadlineTimer is going to be constructed
5678 [20904] INFO perfrun.launcher <> - DeadlineTimer: a callback was added
5694 [20904] INFO perfrun.launcher <> - Launcher: resume the profiled application and  wait its termination or stop command
6990 [20904] INFO perfrun.launcher <> - Launcher: the profiled application was terminated  with exit code = 0
7002 [7508] INFO perfrun.itt <> - detach itt controller
7002 [7508] INFO perfrun.itt <> - detach itt controller done
7002 [7508] INFO perfrun.sdk <> - runCmd: "C:\Program Files (x86)\Intel\oneAPI\vtune\2024.2\bin64\sep.exe" -stop
7012 [7508] INFO perfrun.sdk <> - runCmd started PID 9636
8314 [7508] INFO perfrun.sepdk <> - Sampling successfully stopped.

8314 [7508] INFO perfrun.sepdk <> - Waiting for main SEP process (18532) to finish...
8315 [7508] INFO perfrun.sepdk <> - Main SEP process finished
8315 [7508] INFO perfrun.sdk <> - De-allocating TMU: C:\CS683\PA_Assignemnt1\pa1-chak-de-microarchitecture-advanced_architects\part1\transpose\r006macc\data.0\systemcollector-8240-LAPTOP-9PGAITT6.sc
8336 [7508] INFO perfrun.system <> - closed the system trace file: C:\CS683\PA_Assignemnt1\pa1-chak-de-microarchitecture-advanced_architects\part1\transpose\r006macc\data.0\systemcollector-8240-LAPTOP-9PGAITT6.sc
8336 [20904] INFO perfrun.launcher <> - Launcher: all plugins were stopped.
8336 [20904] INFO perfrun.launcher <> - DeadlineTimer is going to be destroyed
8336 [20904] INFO perfrun.launcher <> - DeadlineTimer was destroyed
8337 [20904] INFO perfrun.launcher <> - DirectoryMonitor object was destroyed
8337 [20904] WARN perfrun.launcher <> - Stop command is ignored because it is received when collection is already stopped, at file: vcs\perfrun1\launcher\src\command_handler.cpp:226
8340 [20904] INFO perfrun.launcher <> - Application exit code: 0
8340 [20904] INFO perfrun.launcher <> - Exit code: 0
