149 [13232] INFO perfrun.launcher <> - Launcher main begin
163 [13232] INFO perfrun.launcher <> - MessageCatalogInit finished
163 [13232] INFO perfrun.launcher <> - Launcher instance created
163 [13232] INFO perfrun.launcher <> - argc = 7; cmdline = C:\Program Files (x86)\Intel\oneAPI\vtune\2024.2\bin64\amplxe-runss.exe --ui-output-format xml --ui-output-fd 1288 --option-file C:\CS683\PA_Assignemnt1\pa1-chak-de-microarchitecture-advanced_architects\part1\transpose\r004hs\config\runss.options 
207 [13232] INFO perfrun.launcher <> - New signal handler callback was added
297 [13232] INFO perfrun.perfcollector <> - SEP tool path: C:\Program Files (x86)\Intel\oneAPI\vtune\2024.2\bin64\sep.exe
411 [13232] INFO perfrun.launcher <> - create msngr2::ICliToolContext
411 [13232] INFO perfrun.launcher <> - create file finder object
412 [13232] INFO perfrun.launcher <> - create a result directory: pattern = C:\CS683\PA_Assignemnt1\pa1-chak-de-microarchitecture-advanced_architects\part1\transpose\r004hs pid = 4294967295
422 [13232] INFO perfrun.launcher <> - create data directory = C:\CS683\PA_Assignemnt1\pa1-chak-de-microarchitecture-advanced_architects\part1\transpose\r004hs\data.0
428 [13232] INFO perfrun.launcher <> - Creating the master collection flag
451 [13232] INFO perfrun.launcher <> - Done creating the master collection flag
452 [15436] INFO perfrun.launcher <> - plugin [remoteplug] was disabled because it doesn't support the given collection type.
454 [15436] INFO perfrun.sdk <> - Allocating TMU :C:\CS683\PA_Assignemnt1\pa1-chak-de-microarchitecture-advanced_architects\part1\transpose\r004hs\data.0\systemcollector-19984-LAPTOP-9PGAITT6.sc
455 [15436] INFO perfrun.launcher <> - plugin [] was disabled because it doesn't support the given collection type.
460 [15436] INFO perfrun.launcher <> - plugin [] was disabled because it doesn't support the given collection type.
460 [15436] INFO perfrun.launcher <> - plugin [gpu] was disabled because it doesn't support the given collection type.
460 [15436] INFO perfrun.launcher <> - plugin [etw.kernel] was disabled because it doesn't support the given collection type.
460 [15436] INFO perfrun.launcher <> - plugin [etw.dx] was disabled because it doesn't support the given collection type.
460 [15436] INFO perfrun.launcher <> - plugin [etw.wsa] was disabled because it doesn't support the given collection type.
460 [15436] INFO perfrun.mrte <> - system-wide mode is 0
461 [15436] INFO perfrun.mrte <> - Getting  mrte profiling environment ...
543 [15436] INFO perfrun.mrte <> - INTEL_MRTE_DATA_DIR=C:\CS683\PA_Assignemnt1\pa1-chak-de-microarchitecture-advanced_architects\part1\transpose\r004hs\data.0
543 [15436] INFO perfrun.mrte <> - INTEL_MRTE_HOST_NAME=LAPTOP-9PGAITT6
543 [15436] INFO perfrun.mrte <> - JAVA_TOOL_OPTIONS=-agentlib:amplxe_samplingmrte_javaprof_1.0
543 [15436] INFO perfrun.mrte <> - PATH=C:\Program Files (x86)\Intel\oneAPI\vtune\2024.2\bin32\runtime;C:\Program Files (x86)\Intel\oneAPI\vtune\2024.2\bin64\runtime;C:\WINDOWS\system32;C:\WINDOWS;C:\WINDOWS\System32\Wbem;C:\WINDOWS\System32\WindowsPowerShell\v1.0\;C:\WINDOWS\System32\OpenSSH\;C:\Program Files\Git\cmd;C:\Program Files\Docker\Docker\resources\bin;C:\iverilog\bin;C:\DLDCA\iverilog\bin;C:\MinGW\bin;C:\Users\Admin\AppData\Local\Programs\Python\Python39\Scripts\;C:\Users\Admin\AppData\Local\Programs\Python\Python39\;C:\Program Files\MySQL\MySQL Shell 8.0\bin\;C:\Users\Admin\AppData\Local\Microsoft\WindowsApps;C:\Users\Admin\AppData\Local\Programs\Python\Python38-32\Scripts;C:\Users\Admin\AppData\Local\Programs\Python\Python38-32;C:\Users\Admin\AppData\Local\Programs\Microsoft VS Code\bin;C:\DLDCA\iverilog\gtkwave\bin
543 [15436] INFO perfrun.mrte <> - COR_ENABLE_PROFILING=1
543 [15436] INFO perfrun.mrte <> - COR_PROFILER={AA5E4821-E3B1-479c-B7FF-5AD047D22CED}
543 [15436] INFO perfrun.mrte <> - COMPLUS_ProfAPI_ProfilerCompatibilitySetting=EnableV2Profiler
543 [15436] INFO perfrun.mrte <> - CORECLR_ENABLE_PROFILING=1
543 [15436] INFO perfrun.mrte <> - CORECLR_PROFILER={AA5E4821-E3B1-479c-B7FF-5AD047D22CED}
543 [15436] INFO perfrun.mrte <> - CORECLR_PROFILER_PATH=C:\Program Files (x86)\Intel\oneAPI\vtune\2024.2\bin64/amplxe_samplingmrte_clrprof_1.0.dll
543 [15436] INFO perfrun.mrte <> - INTEL_MRTE_PROFILER_MODE=mixed
543 [15436] INFO perfrun.mrte <> - Data directory: C:\CS683\PA_Assignemnt1\pa1-chak-de-microarchitecture-advanced_architects\part1\transpose\r004hs\data.0
543 [15436] INFO perfrun.mrte <> - Mrte plugin is initialized
545 [15436] INFO perfrun.launcher <> - plugin [cuscol] was disabled because it doesn't support the given collection type.
545 [15436] INFO perfrun.launcher <> - plugin [stdsrc] was disabled because it doesn't support the given collection type.
545 [15436] INFO perfrun.launcher <> - plugin [sep] was disabled because it doesn't support the given collection type.
546 [15436] INFO perfrun.launcher <> - plugin [vtsspp] was disabled because it doesn't support the given collection type.
546 [15436] INFO perfrun.launcher <> - plugin [perf] was disabled because it doesn't support the given collection type.
546 [15436] INFO perfrun.launcher <> - plugin [aoclprofile] was disabled because it doesn't support the given collection type.
546 [15436] INFO perfrun.tpss <> - initialize tpss controller
547 [15436] INFO perfrun.tpss <> - configure collection mode: value = cpu:counters:nostack
549 [15436] INFO perfrun.tpss <> - configure collection mode: value = cpu:stack
549 [15436] INFO perfrun.tpss <> - default obj-size-min=1024
549 [15436] INFO perfrun.tpss <> - default hash-table-size=0
550 [15436] INFO perfrun.launcher <> - plugin [] was disabled because it doesn't support the given collection type.
550 [15436] INFO perfrun.launcher <> - plugin [] was disabled because it doesn't support the given collection type.
550 [15436] INFO perfrun.launcher <> - plugin [] was disabled because it doesn't support the given collection type.
550 [15436] INFO perfrun.launcher <> - plugin [] was disabled because it doesn't support the given collection type.
550 [15436] INFO perfrun.launcher <> - plugin [power] was disabled because it doesn't support the given collection type.
550 [15436] INFO perfrun.launcher <> - plugin [] was disabled because it doesn't support the given collection type.
550 [15436] INFO perfrun.launcher <> - plugin [ipmwatch] was disabled because it doesn't support the given collection type.
550 [15436] INFO perfrun.launcher <> - plugin [os_counters] was disabled because it doesn't support the given collection type.
550 [15436] INFO perfrun.launcher <> - plugin [l0_metrics] was disabled because it doesn't support the given collection type.
551 [13232] INFO perfrun.launcher <> - set environment variable: PATH = C:\Program Files (x86)\Intel\oneAPI\vtune\2024.2\bin32\runtime;C:\Program Files (x86)\Intel\oneAPI\vtune\2024.2\bin64\runtime;C:\WINDOWS\system32;C:\WINDOWS;C:\WINDOWS\System32\Wbem;C:\WINDOWS\System32\WindowsPowerShell\v1.0\;C:\WINDOWS\System32\OpenSSH\;C:\Program Files\Git\cmd;C:\Program Files\Docker\Docker\resources\bin;C:\iverilog\bin;C:\DLDCA\iverilog\bin;C:\MinGW\bin;C:\Users\Admin\AppData\Local\Programs\Python\Python39\Scripts\;C:\Users\Admin\AppData\Local\Programs\Python\Python39\;C:\Program Files\MySQL\MySQL Shell 8.0\bin\;C:\Users\Admin\AppData\Local\Microsoft\WindowsApps;C:\Users\Admin\AppData\Local\Programs\Python\Python38-32\Scripts;C:\Users\Admin\AppData\Local\Programs\Python\Python38-32;C:\Users\Admin\AppData\Local\Programs\Microsoft VS Code\bin;C:\DLDCA\iverilog\gtkwave\bin
551 [13232] INFO perfrun.launcher <> - set environment variable: INTEL_LIBITTNOTIFY32 = C:\Program Files (x86)\Intel\oneAPI\vtune\2024.2\bin32\runtime\ittnotify_collector.dll
551 [13232] INFO perfrun.launcher <> - set environment variable: INTEL_LIBITTNOTIFY64 = C:\Program Files (x86)\Intel\oneAPI\vtune\2024.2\bin64\runtime\ittnotify_collector.dll
551 [13232] INFO perfrun.launcher <> - set environment variable: INTEL_ITTNOTIFY_GROUPS = 
551 [13232] INFO perfrun.launcher <> - set environment variable: INTEL_JIT_PROFILER32 = C:\Program Files (x86)\Intel\oneAPI\vtune\2024.2\bin32\runtime\ittnotify_collector.dll
551 [13232] INFO perfrun.launcher <> - set environment variable: INTEL_JIT_PROFILER64 = C:\Program Files (x86)\Intel\oneAPI\vtune\2024.2\bin64\runtime\ittnotify_collector.dll
552 [13232] INFO perfrun.launcher <> - set environment variable: ENABLE_JITPROFILING = 1
552 [13232] INFO perfrun.launcher <> - set environment variable: CL_CONFIG_USE_VTUNE = True
552 [13232] INFO perfrun.launcher <> - set environment variable: KMP_FORKJOIN_FRAMES = 0
552 [13232] INFO perfrun.launcher <> - set environment variable: KMP_FORKJOIN_FRAMES_MODE = 0
552 [13232] INFO perfrun.launcher <> - set environment variable: INTEL_MRTE_DATA_DIR = C:\CS683\PA_Assignemnt1\pa1-chak-de-microarchitecture-advanced_architects\part1\transpose\r004hs\data.0
553 [13232] INFO perfrun.launcher <> - set environment variable: INTEL_MRTE_HOST_NAME = LAPTOP-9PGAITT6
553 [13232] INFO perfrun.launcher <> - set environment variable: JAVA_TOOL_OPTIONS = -agentlib:amplxe_samplingmrte_javaprof_1.0
553 [13232] INFO perfrun.launcher <> - set environment variable: PATH = C:\Program Files (x86)\Intel\oneAPI\vtune\2024.2\bin32\runtime;C:\Program Files (x86)\Intel\oneAPI\vtune\2024.2\bin64\runtime;C:\WINDOWS\system32;C:\WINDOWS;C:\WINDOWS\System32\Wbem;C:\WINDOWS\System32\WindowsPowerShell\v1.0\;C:\WINDOWS\System32\OpenSSH\;C:\Program Files\Git\cmd;C:\Program Files\Docker\Docker\resources\bin;C:\iverilog\bin;C:\DLDCA\iverilog\bin;C:\MinGW\bin;C:\Users\Admin\AppData\Local\Programs\Python\Python39\Scripts\;C:\Users\Admin\AppData\Local\Programs\Python\Python39\;C:\Program Files\MySQL\MySQL Shell 8.0\bin\;C:\Users\Admin\AppData\Local\Microsoft\WindowsApps;C:\Users\Admin\AppData\Local\Programs\Python\Python38-32\Scripts;C:\Users\Admin\AppData\Local\Programs\Python\Python38-32;C:\Users\Admin\AppData\Local\Programs\Microsoft VS Code\bin;C:\DLDCA\iverilog\gtkwave\bin
553 [13232] INFO perfrun.launcher <> - set environment variable: COR_ENABLE_PROFILING = 1
553 [13232] INFO perfrun.launcher <> - set environment variable: COR_PROFILER = {AA5E4821-E3B1-479c-B7FF-5AD047D22CED}
554 [13232] INFO perfrun.launcher <> - set environment variable: COMPLUS_ProfAPI_ProfilerCompatibilitySetting = EnableV2Profiler
554 [13232] INFO perfrun.launcher <> - set environment variable: CORECLR_ENABLE_PROFILING = 1
554 [13232] INFO perfrun.launcher <> - set environment variable: CORECLR_PROFILER = {AA5E4821-E3B1-479c-B7FF-5AD047D22CED}
554 [13232] INFO perfrun.launcher <> - set environment variable: CORECLR_PROFILER_PATH = C:\Program Files (x86)\Intel\oneAPI\vtune\2024.2\bin64/amplxe_samplingmrte_clrprof_1.0.dll
554 [13232] INFO perfrun.launcher <> - set environment variable: INTEL_MRTE_PROFILER_MODE = mixed
555 [13232] INFO perfrun.launcher <> - RpcServer: run RPC server to handle requests
566 [13232] INFO perfrun.sdk <> - IProcessUtil: the given executable 'C:\CS683\PA_Assignemnt1\pa1-chak-de-microarchitecture-advanced_architects\part1\a.exe' is valid.
567 [13232] INFO perfrun.launcher <> - Launcher: command line to start before modification = C:\CS683\PA_Assignemnt1\pa1-chak-de-microarchitecture-advanced_architects\part1\a.exe 4096 100
572 [13232] INFO perfrun.launcher <> - Launcher: command line to start after modification = C:\Program Files (x86)\Intel\oneAPI\vtune\2024.2\bin64\pin.exe -error_file C:\CS683\PA_Assignemnt1\pa1-chak-de-microarchitecture-advanced_architects\part1\transpose\r004hs\data.0\pinerr.tpsslog -detach_reattach -probe -follow_execv -p32 C:\Program Files (x86)\Intel\oneAPI\vtune\2024.2\bin32\pin.exe -p64 C:\Program Files (x86)\Intel\oneAPI\vtune\2024.2\bin64\pin.exe -t64 C:\Program Files (x86)\Intel\oneAPI\vtune\2024.2\bin64\tpsstool.dll -t C:\Program Files (x86)\Intel\oneAPI\vtune\2024.2\bin32\tpsstool.dll -server_name tpss_ipc.19984 -prd_dir C:\Program Files (x86)\Intel\oneAPI\vtune\2024.2 -- C:\CS683\PA_Assignemnt1\pa1-chak-de-microarchitecture-advanced_architects\part1\a.exe 4096 100
573 [13232] INFO perfrun.launcher <> - ProcessCreator object was created
582 [13232] INFO perfrun.launcher <> - Launcher: the process was started in suspend mode
585 [15436] INFO perfrun.itt <> - start itt controller for pid #5748
590 [15436] INFO perfrun.sdk <> - runCmd: "C:\Program Files (x86)\Intel\oneAPI\vtune\2024.2\bin64\emon.exe" -M
596 [15436] INFO perfrun.sdk <> - runCmd started PID 5168
833 [15436] INFO perfrun.sdk <> - runCmd: "C:\Program Files (x86)\Intel\oneAPI\vtune\2024.2\bin64\emon.exe" -v
838 [15436] INFO perfrun.sdk <> - runCmd started PID 21160
1088 [15436] INFO perfrun.sdk <> - runCmd: "C:\Program Files (x86)\Intel\oneAPI\vtune\2024.2\bin64\sep.exe" -dry-run -ec CPU_CLK_UNHALTED.THREAD,CPU_CLK_UNHALTED.REF_TSC:sample:sa=1000000,INST_RETIRED.ANY:sample:sa=1000000,CPU_CLK_UNHALTED.DISTRIBUTED,FP_ARITH_INST_RETIRED.SCALAR_SINGLE,FP_ARITH_INST_RETIRED.128B_PACKED_SINGLE,FP_ARITH_INST_RETIRED.256B_PACKED_SINGLE,FP_ARITH_INST_RETIRED.SCALAR_DOUBLE,FP_ARITH_INST_RETIRED.128B_PACKED_DOUBLE,FP_ARITH_INST_RETIRED.256B_PACKED_DOUBLE,UOPS_EXECUTED.X87,UOPS_RETIRED.SLOTS:sample:sa=2000003,UOPS_EXECUTED.THREAD,FP_ARITH_INST_RETIRED.512B_PACKED_DOUBLE,FP_ARITH_INST_RETIRED.512B_PACKED_SINGLE,TOPDOWN.SLOTS:sample:sa=2000003 -experimental
1093 [15436] INFO perfrun.sdk <> - runCmd started PID 11624
1308 [15436] INFO perfrun.sdk <> - runCmd: "C:\Program Files (x86)\Intel\oneAPI\vtune\2024.2\bin64\emon.exe" -u -t 0.050 -l0 -A -C CPU_CLK_UNHALTED.DISTRIBUTED,CPU_CLK_UNHALTED.REF_TSC,CPU_CLK_UNHALTED.THREAD,FP_ARITH_INST_RETIRED.128B_PACKED_DOUBLE,FP_ARITH_INST_RETIRED.128B_PACKED_SINGLE,FP_ARITH_INST_RETIRED.256B_PACKED_DOUBLE,FP_ARITH_INST_RETIRED.256B_PACKED_SINGLE,FP_ARITH_INST_RETIRED.512B_PACKED_DOUBLE,FP_ARITH_INST_RETIRED.512B_PACKED_SINGLE,FP_ARITH_INST_RETIRED.SCALAR_DOUBLE,FP_ARITH_INST_RETIRED.SCALAR_SINGLE,INST_RETIRED.ANY,TOPDOWN.SLOTS,UOPS_EXECUTED.THREAD,UOPS_EXECUTED.X87,UOPS_RETIRED.SLOTS -f C:\CS683\PA_Assignemnt1\pa1-chak-de-microarchitecture-advanced_architects\part1\transpose\r004hs\data.0\emon.0.emon -experimental
1314 [15436] INFO perfrun.sdk <> - runCmd started PID 1436
1314 [15436] INFO perfrun.emon <> - Waiting trace file creation: C:\CS683\PA_Assignemnt1\pa1-chak-de-microarchitecture-advanced_architects\part1\transpose\r004hs\data.0\emon.0.emon
1724 [15436] INFO perfrun.emon <> - trace file was found
1726 [15436] INFO perfrun.tpss <> - start tpss controller for pid #5748
1788 [13232] INFO perfrun.launcher <> - Launcher: all plugins were started
1788 [13232] INFO perfrun.launcher <> - DirectoryMonitor object was created
1789 [13232] INFO perfrun.launcher <> - DirectoryMonitor: a callback was added
1789 [13232] INFO perfrun.launcher <> - DirectoryMonitor was started with pingTime = 1000
1789 [13232] INFO perfrun.launcher <> - DeadlineTimer is going to be constructed
1790 [13232] INFO perfrun.launcher <> - DeadlineTimer: a callback was added
1804 [13232] INFO perfrun.launcher <> - Launcher: resume the profiled application and  wait its termination or stop command
3245 [13232] INFO perfrun.launcher <> - Launcher: the profiled application was terminated  with exit code = 0
3264 [15436] INFO perfrun.itt <> - detach itt controller
3264 [15436] INFO perfrun.itt <> - detach itt controller done
3264 [15436] INFO perfrun.sdk <> - runCmd: "C:\Program Files (x86)\Intel\oneAPI\vtune\2024.2\bin64\emon.exe" -stop
3269 [15436] INFO perfrun.sdk <> - runCmd started PID 10800
3670 [15436] INFO perfrun.emon <> - EMON collector successfully stopped.

3670 [15436] INFO perfrun.emon <> - Waiting for main Emon process (1436) to finish...
3794 [15436] INFO perfrun.emon <> - Main Emon process finished
3794 [15436] INFO perfrun.tpss <> - stop tpss controller
3797 [15436] INFO perfrun.sdk <> - De-allocating TMU: C:\CS683\PA_Assignemnt1\pa1-chak-de-microarchitecture-advanced_architects\part1\transpose\r004hs\data.0\systemcollector-19984-LAPTOP-9PGAITT6.sc
3816 [15436] INFO perfrun.system <> - closed the system trace file: C:\CS683\PA_Assignemnt1\pa1-chak-de-microarchitecture-advanced_architects\part1\transpose\r004hs\data.0\systemcollector-19984-LAPTOP-9PGAITT6.sc
3816 [13232] INFO perfrun.launcher <> - Launcher: all plugins were stopped.
3816 [13232] INFO perfrun.launcher <> - DeadlineTimer is going to be destroyed
3816 [13232] INFO perfrun.launcher <> - DeadlineTimer was destroyed
3817 [13232] INFO perfrun.launcher <> - DirectoryMonitor object was destroyed
3817 [13232] WARN perfrun.launcher <> - Stop command is ignored because it is received when collection is already stopped, at file: vcs\perfrun1\launcher\src\command_handler.cpp:226
3819 [13232] INFO perfrun.launcher <> - Application exit code: 0
3819 [13232] INFO perfrun.launcher <> - Exit code: 0
