129 [12040] INFO perfrun.launcher <> - Launcher main begin
141 [12040] INFO perfrun.launcher <> - MessageCatalogInit finished
141 [12040] INFO perfrun.launcher <> - Launcher instance created
142 [12040] INFO perfrun.launcher <> - argc = 7; cmdline = C:\Program Files (x86)\Intel\oneAPI\vtune\2024.2\bin64\amplxe-runss.exe --ui-output-format xml --ui-output-fd 1356 --option-file C:\CS683\PA_Assignemnt1\pa1-chak-de-microarchitecture-advanced_architects\part1\transpose\r009ue\config\runsa.options 
191 [12040] INFO perfrun.launcher <> - New signal handler callback was added
284 [12040] INFO perfrun.perfcollector <> - SEP tool path: C:\Program Files (x86)\Intel\oneAPI\vtune\2024.2\bin64\sep.exe
313 [12040] INFO perfrun.launcher <> - create msngr2::ICliToolContext
314 [12040] INFO perfrun.launcher <> - create file finder object
314 [12040] INFO perfrun.launcher <> - create a result directory: pattern = C:\CS683\PA_Assignemnt1\pa1-chak-de-microarchitecture-advanced_architects\part1\transpose\r009ue pid = 4294967295
322 [12040] INFO perfrun.launcher <> - create data directory = C:\CS683\PA_Assignemnt1\pa1-chak-de-microarchitecture-advanced_architects\part1\transpose\r009ue\data.0
324 [12040] INFO perfrun.launcher <> - Creating the master collection flag
337 [12040] INFO perfrun.launcher <> - Done creating the master collection flag
338 [21108] INFO perfrun.launcher <> - plugin [remoteplug] was disabled because it doesn't support the given collection type.
338 [21108] INFO perfrun.sdk <> - Allocating TMU :C:\CS683\PA_Assignemnt1\pa1-chak-de-microarchitecture-advanced_architects\part1\transpose\r009ue\data.0\systemcollector-13636-LAPTOP-9PGAITT6.sc
341 [21108] INFO perfrun.launcher <> - plugin [] was disabled because it doesn't support the given collection type.
345 [21108] INFO perfrun.launcher <> - plugin [] was disabled because it doesn't support the given collection type.
346 [21108] INFO perfrun.launcher <> - plugin [gpu] was disabled because it doesn't support the given collection type.
346 [21108] INFO perfrun.launcher <> - plugin [etw.kernel] was disabled because it doesn't support the given collection type.
346 [21108] INFO perfrun.launcher <> - plugin [etw.dx] was disabled because it doesn't support the given collection type.
346 [21108] INFO perfrun.launcher <> - plugin [etw.wsa] was disabled because it doesn't support the given collection type.
346 [21108] INFO perfrun.mrte <> - system-wide mode is 0
346 [21108] INFO perfrun.mrte <> - Getting  mrte profiling environment ...
409 [21108] INFO perfrun.mrte <> - INTEL_MRTE_DATA_DIR=C:\CS683\PA_Assignemnt1\pa1-chak-de-microarchitecture-advanced_architects\part1\transpose\r009ue\data.0
409 [21108] INFO perfrun.mrte <> - INTEL_MRTE_HOST_NAME=LAPTOP-9PGAITT6
409 [21108] INFO perfrun.mrte <> - JAVA_TOOL_OPTIONS=-agentlib:amplxe_samplingmrte_javaprof_1.0
409 [21108] INFO perfrun.mrte <> - PATH=C:\Program Files (x86)\Intel\oneAPI\vtune\2024.2\bin32\runtime;C:\Program Files (x86)\Intel\oneAPI\vtune\2024.2\bin64\runtime;C:\WINDOWS\system32;C:\WINDOWS;C:\WINDOWS\System32\Wbem;C:\WINDOWS\System32\WindowsPowerShell\v1.0\;C:\WINDOWS\System32\OpenSSH\;C:\Program Files\Git\cmd;C:\Program Files\Docker\Docker\resources\bin;C:\iverilog\bin;C:\DLDCA\iverilog\bin;C:\MinGW\bin;C:\Users\Admin\AppData\Local\Programs\Python\Python39\Scripts\;C:\Users\Admin\AppData\Local\Programs\Python\Python39\;C:\Program Files\MySQL\MySQL Shell 8.0\bin\;C:\Users\Admin\AppData\Local\Microsoft\WindowsApps;C:\Users\Admin\AppData\Local\Programs\Python\Python38-32\Scripts;C:\Users\Admin\AppData\Local\Programs\Python\Python38-32;C:\Users\Admin\AppData\Local\Programs\Microsoft VS Code\bin;C:\DLDCA\iverilog\gtkwave\bin
409 [21108] INFO perfrun.mrte <> - COR_ENABLE_PROFILING=1
409 [21108] INFO perfrun.mrte <> - COR_PROFILER={AA5E4821-E3B1-479c-B7FF-5AD047D22CED}
409 [21108] INFO perfrun.mrte <> - COMPLUS_ProfAPI_ProfilerCompatibilitySetting=EnableV2Profiler
409 [21108] INFO perfrun.mrte <> - CORECLR_ENABLE_PROFILING=1
409 [21108] INFO perfrun.mrte <> - CORECLR_PROFILER={AA5E4821-E3B1-479c-B7FF-5AD047D22CED}
409 [21108] INFO perfrun.mrte <> - CORECLR_PROFILER_PATH=C:\Program Files (x86)\Intel\oneAPI\vtune\2024.2\bin64/amplxe_samplingmrte_clrprof_1.0.dll
409 [21108] INFO perfrun.mrte <> - INTEL_MRTE_PROFILER_MODE=mixed
409 [21108] INFO perfrun.mrte <> - Data directory: C:\CS683\PA_Assignemnt1\pa1-chak-de-microarchitecture-advanced_architects\part1\transpose\r009ue\data.0
409 [21108] INFO perfrun.mrte <> - Mrte plugin is initialized
409 [21108] INFO perfrun.launcher <> - plugin [emon] was disabled because it doesn't support the given collection type.
409 [21108] INFO perfrun.launcher <> - plugin [cuscol] was disabled because it doesn't support the given collection type.
409 [21108] INFO perfrun.launcher <> - plugin [stdsrc] was disabled because it doesn't support the given collection type.
410 [21108] INFO perfrun.sdk <> - runCmd: "C:\Program Files (x86)\Intel\oneAPI\vtune\2024.2\bin64\sep.exe" -dry-run -ec CPU_CLK_UNHALTED.THREAD:sa=1000000,CPU_CLK_UNHALTED.REF_TSC:sample:sa=1000000,INST_RETIRED.ANY:sample:sa=1000000,CPU_CLK_UNHALTED.DISTRIBUTED:sa=1000000,CPU_CLK_UNHALTED.THREAD_P,CYCLE_ACTIVITY.STALLS_MEM_ANY,CYCLE_ACTIVITY.STALLS_TOTAL,EXE_ACTIVITY.1_PORTS_UTIL,EXE_ACTIVITY.2_PORTS_UTIL,EXE_ACTIVITY.BOUND_ON_STORES,FRONTEND_RETIRED.LATENCY_GE_4,IDQ_UOPS_NOT_DELIVERED.CORE,INT_MISC.RECOVERY_CYCLES:cmask=1:e=yes,INT_MISC.UOP_DROPPING,TOPDOWN.BACKEND_BOUND_SLOTS,TOPDOWN.SLOTS,UOPS_RETIRED.SLOTS:sa=2000003,BACLEARS.ANY,BR_MISP_RETIRED.ALL_BRANCHES,DSB2MITE_SWITCHES.PENALTY_CYCLES,FRONTEND_RETIRED.ANY_DSB_MISS,FRONTEND_RETIRED.DSB_MISS,FRONTEND_RETIRED.L2_MISS,FRONTEND_RETIRED.LATENCY_GE_16,FRONTEND_RETIRED.LATENCY_GE_2_BUBBLES_GE_1,FRONTEND_RETIRED.STLB_MISS,ICACHE_16B.IFDATA_STALL,ICACHE_64B.IFTAG_STALL,IDQ.DSB_CYCLES_ANY,IDQ.DSB_CYCLES_OK,IDQ.DSB_UOPS,IDQ.MITE_CYCLES_ANY,IDQ.MITE_CYCLES_OK,IDQ.MITE_UOPS:cmask=4,IDQ.MITE_UOPS:cmask=5,IDQ.MS_SWITCHES,IDQ_UOPS_NOT_DELIVERED.CYCLES_0_UOPS_DELIV.CORE,ILD_STALL.LCP,INST_DECODED.DECODERS:cmask=1,INST_DECODED.DECODERS:cmask=2,INT_MISC.CLEAR_RESTEER_CYCLES,LSD.CYCLES_ACTIVE,LSD.CYCLES_OK,LSD.UOPS,MACHINE_CLEARS.COUNT,UOPS_ISSUED.ANY,CYCLE_ACTIVITY.CYCLES_L1D_MISS,CYCLE_ACTIVITY.CYCLES_MEM_ANY,CYCLE_ACTIVITY.STALLS_L1D_MISS,CYCLE_ACTIVITY.STALLS_L2_MISS,CYCLE_ACTIVITY.STALLS_L3_MISS,DTLB_LOAD_MISSES.STLB_HIT:cmask=1,DTLB_LOAD_MISSES.WALK_ACTIVE,DTLB_STORE_MISSES.STLB_HIT:cmask=1,DTLB_STORE_MISSES.WALK_ACTIVE,L1D_PEND_MISS.FB_FULL,L1D_PEND_MISS.FB_FULL_PERIODS,L1D_PEND_MISS.L2_STALL,L1D_PEND_MISS.PENDING,L2_RQSTS.ALL_RFO,L2_RQSTS.RFO_HIT,LD_BLOCKS.NO_SR,LD_BLOCKS.STORE_FORWARD,LD_BLOCKS_PARTIAL.ADDRESS_ALIAS,MEM_INST_RETIRED.ALL_STORES,MEM_INST_RETIRED.LOCK_LOADS,MEM_INST_RETIRED.SPLIT_LOADS,MEM_INST_RETIRED.SPLIT_STORES,MEM_INST_RETIRED.STLB_MISS_LOADS,MEM_INST_RETIRED.STLB_MISS_STORES,MEM_LOAD_L3_HIT_RETIRED.XSNP_HIT,MEM_LOAD_L3_HIT_RETIRED.XSNP_HITM,MEM_LOAD_L3_HIT_RETIRED.XSNP_MISS,MEM_LOAD_RETIRED.FB_HIT,MEM_LOAD_RETIRED.L1_HIT,MEM_LOAD_RETIRED.L1_MISS,MEM_LOAD_RETIRED.L2_HIT,MEM_LOAD_RETIRED.L3_HIT,MEM_LOAD_RETIRED.L3_MISS,OFFCORE_REQUESTS_OUTSTANDING.ALL_DATA_RD:cmask=4,OFFCORE_REQUESTS_OUTSTANDING.CYCLES_WITH_DATA_RD,OFFCORE_REQUESTS_OUTSTANDING.CYCLES_WITH_DEMAND_RFO,ARITH.DIVIDER_ACTIVE,EXE_ACTIVITY.3_PORTS_UTIL:umask=0x80,FP_ARITH_INST_RETIRED.128B_PACKED_DOUBLE:umask=0xfc,FP_ARITH_INST_RETIRED.SCALAR_SINGLE:umask=0x03,IDQ.MITE_UOPS,IDQ.MS_UOPS,MISC_RETIRED.PAUSE_INST,RESOURCE_STALLS.SCOREBOARD,UOPS_DECODED.DEC0,UOPS_DECODED.DEC0:cmask=1,UOPS_DISPATCHED.PORT_0,UOPS_DISPATCHED.PORT_1,UOPS_DISPATCHED.PORT_2_3,UOPS_DISPATCHED.PORT_4_9,UOPS_DISPATCHED.PORT_5,UOPS_DISPATCHED.PORT_6,UOPS_DISPATCHED.PORT_7_8,UOPS_EXECUTED.CYCLES_GE_3,UOPS_EXECUTED.THREAD:sa=2000003,UOPS_EXECUTED.X87:sa=2000003,UOPS_ISSUED.VECTOR_WIDTH_MISMATCH,ASSISTS.ANY,BR_INST_RETIRED.ALL_BRANCHES,FP_ARITH_INST_RETIRED.128B_PACKED_DOUBLE:sa=2000003,FP_ARITH_INST_RETIRED.128B_PACKED_SINGLE:sa=2000003,FP_ARITH_INST_RETIRED.256B_PACKED_DOUBLE:sa=2000003,FP_ARITH_INST_RETIRED.256B_PACKED_SINGLE:sa=2000003,FP_ARITH_INST_RETIRED.512B_PACKED_DOUBLE:sa=2000003,FP_ARITH_INST_RETIRED.512B_PACKED_SINGLE:sa=2000003,INST_RETIRED.NOP,MEM_INST_RETIRED.ANY,OCR.DEMAND_RFO.L3_HIT.SNOOP_HITM,OCR.STREAMING_WR.ANY_RESPONSE,UNC_IMC_DRAM_DATA_READS,UNC_IMC_DRAM_DATA_WRITES,FP_ARITH_INST_RETIRED.SCALAR_SINGLE:sa=2000003,FP_ARITH_INST_RETIRED.SCALAR_DOUBLE:sa=2000003 -experimental
417 [21108] INFO perfrun.sdk <> - runCmd started PID 20612
861 [21108] INFO perfrun.launcher <> - plugin [vtsspp] was disabled because it doesn't support the given collection type.
861 [21108] INFO perfrun.launcher <> - plugin [perf] was disabled because it doesn't support the given collection type.
861 [21108] INFO perfrun.launcher <> - plugin [aoclprofile] was disabled because it doesn't support the given collection type.
861 [21108] INFO perfrun.tpss <> - initialize tpss controller
861 [21108] INFO perfrun.launcher <> - plugin [tpss] was disabled because it doesn't support the given collection type.
861 [21108] INFO perfrun.launcher <> - plugin [] was disabled because it doesn't support the given collection type.
861 [21108] INFO perfrun.launcher <> - plugin [] was disabled because it doesn't support the given collection type.
861 [21108] INFO perfrun.launcher <> - plugin [] was disabled because it doesn't support the given collection type.
861 [21108] INFO perfrun.launcher <> - plugin [] was disabled because it doesn't support the given collection type.
861 [21108] INFO perfrun.launcher <> - plugin [power] was disabled because it doesn't support the given collection type.
861 [21108] INFO perfrun.launcher <> - plugin [] was disabled because it doesn't support the given collection type.
861 [21108] INFO perfrun.launcher <> - plugin [ipmwatch] was disabled because it doesn't support the given collection type.
861 [21108] INFO perfrun.launcher <> - plugin [os_counters] was disabled because it doesn't support the given collection type.
861 [21108] INFO perfrun.launcher <> - plugin [l0_metrics] was disabled because it doesn't support the given collection type.
862 [12040] INFO perfrun.launcher <> - set environment variable: PATH = C:\Program Files (x86)\Intel\oneAPI\vtune\2024.2\bin32\runtime;C:\Program Files (x86)\Intel\oneAPI\vtune\2024.2\bin64\runtime;C:\WINDOWS\system32;C:\WINDOWS;C:\WINDOWS\System32\Wbem;C:\WINDOWS\System32\WindowsPowerShell\v1.0\;C:\WINDOWS\System32\OpenSSH\;C:\Program Files\Git\cmd;C:\Program Files\Docker\Docker\resources\bin;C:\iverilog\bin;C:\DLDCA\iverilog\bin;C:\MinGW\bin;C:\Users\Admin\AppData\Local\Programs\Python\Python39\Scripts\;C:\Users\Admin\AppData\Local\Programs\Python\Python39\;C:\Program Files\MySQL\MySQL Shell 8.0\bin\;C:\Users\Admin\AppData\Local\Microsoft\WindowsApps;C:\Users\Admin\AppData\Local\Programs\Python\Python38-32\Scripts;C:\Users\Admin\AppData\Local\Programs\Python\Python38-32;C:\Users\Admin\AppData\Local\Programs\Microsoft VS Code\bin;C:\DLDCA\iverilog\gtkwave\bin
862 [12040] INFO perfrun.launcher <> - set environment variable: INTEL_LIBITTNOTIFY32 = C:\Program Files (x86)\Intel\oneAPI\vtune\2024.2\bin32\runtime\ittnotify_collector.dll
862 [12040] INFO perfrun.launcher <> - set environment variable: INTEL_LIBITTNOTIFY64 = C:\Program Files (x86)\Intel\oneAPI\vtune\2024.2\bin64\runtime\ittnotify_collector.dll
862 [12040] INFO perfrun.launcher <> - set environment variable: INTEL_ITTNOTIFY_GROUPS = 
862 [12040] INFO perfrun.launcher <> - set environment variable: INTEL_JIT_PROFILER32 = C:\Program Files (x86)\Intel\oneAPI\vtune\2024.2\bin32\runtime\ittnotify_collector.dll
863 [12040] INFO perfrun.launcher <> - set environment variable: INTEL_JIT_PROFILER64 = C:\Program Files (x86)\Intel\oneAPI\vtune\2024.2\bin64\runtime\ittnotify_collector.dll
863 [12040] INFO perfrun.launcher <> - set environment variable: ENABLE_JITPROFILING = 1
863 [12040] INFO perfrun.launcher <> - set environment variable: CL_CONFIG_USE_VTUNE = True
863 [12040] INFO perfrun.launcher <> - set environment variable: KMP_FORKJOIN_FRAMES = 0
863 [12040] INFO perfrun.launcher <> - set environment variable: KMP_FORKJOIN_FRAMES_MODE = 0
863 [12040] INFO perfrun.launcher <> - set environment variable: INTEL_MRTE_DATA_DIR = C:\CS683\PA_Assignemnt1\pa1-chak-de-microarchitecture-advanced_architects\part1\transpose\r009ue\data.0
864 [12040] INFO perfrun.launcher <> - set environment variable: INTEL_MRTE_HOST_NAME = LAPTOP-9PGAITT6
864 [12040] INFO perfrun.launcher <> - set environment variable: JAVA_TOOL_OPTIONS = -agentlib:amplxe_samplingmrte_javaprof_1.0
864 [12040] INFO perfrun.launcher <> - set environment variable: PATH = C:\Program Files (x86)\Intel\oneAPI\vtune\2024.2\bin32\runtime;C:\Program Files (x86)\Intel\oneAPI\vtune\2024.2\bin64\runtime;C:\WINDOWS\system32;C:\WINDOWS;C:\WINDOWS\System32\Wbem;C:\WINDOWS\System32\WindowsPowerShell\v1.0\;C:\WINDOWS\System32\OpenSSH\;C:\Program Files\Git\cmd;C:\Program Files\Docker\Docker\resources\bin;C:\iverilog\bin;C:\DLDCA\iverilog\bin;C:\MinGW\bin;C:\Users\Admin\AppData\Local\Programs\Python\Python39\Scripts\;C:\Users\Admin\AppData\Local\Programs\Python\Python39\;C:\Program Files\MySQL\MySQL Shell 8.0\bin\;C:\Users\Admin\AppData\Local\Microsoft\WindowsApps;C:\Users\Admin\AppData\Local\Programs\Python\Python38-32\Scripts;C:\Users\Admin\AppData\Local\Programs\Python\Python38-32;C:\Users\Admin\AppData\Local\Programs\Microsoft VS Code\bin;C:\DLDCA\iverilog\gtkwave\bin
864 [12040] INFO perfrun.launcher <> - set environment variable: COR_ENABLE_PROFILING = 1
864 [12040] INFO perfrun.launcher <> - set environment variable: COR_PROFILER = {AA5E4821-E3B1-479c-B7FF-5AD047D22CED}
864 [12040] INFO perfrun.launcher <> - set environment variable: COMPLUS_ProfAPI_ProfilerCompatibilitySetting = EnableV2Profiler
865 [12040] INFO perfrun.launcher <> - set environment variable: CORECLR_ENABLE_PROFILING = 1
865 [12040] INFO perfrun.launcher <> - set environment variable: CORECLR_PROFILER = {AA5E4821-E3B1-479c-B7FF-5AD047D22CED}
865 [12040] INFO perfrun.launcher <> - set environment variable: CORECLR_PROFILER_PATH = C:\Program Files (x86)\Intel\oneAPI\vtune\2024.2\bin64/amplxe_samplingmrte_clrprof_1.0.dll
865 [12040] INFO perfrun.launcher <> - set environment variable: INTEL_MRTE_PROFILER_MODE = mixed
865 [12040] INFO perfrun.launcher <> - RpcServer: run RPC server to handle requests
874 [12040] INFO perfrun.sdk <> - IProcessUtil: the given executable 'C:\CS683\PA_Assignemnt1\pa1-chak-de-microarchitecture-advanced_architects\part1\a.exe' is valid.
875 [12040] INFO perfrun.launcher <> - Launcher: command line to start before modification = C:\CS683\PA_Assignemnt1\pa1-chak-de-microarchitecture-advanced_architects\part1\a.exe 1024 100
875 [12040] INFO perfrun.launcher <> - Launcher: command line to start after modification = C:\CS683\PA_Assignemnt1\pa1-chak-de-microarchitecture-advanced_architects\part1\a.exe 1024 100
875 [12040] INFO perfrun.launcher <> - ProcessCreator object was created
884 [12040] INFO perfrun.launcher <> - Launcher: the process was started in suspend mode
884 [21108] INFO perfrun.launcher <> - Messenger::say: Peak bandwidth measurement started.
4777 [21108] INFO perfrun.launcher <> - Messenger::say: Peak bandwidth measurement finished.
4853 [21108] INFO perfrun.itt <> - start itt controller for pid #7364
4855 [21108] INFO perfrun.sdk <> - runCmd: "C:\Program Files (x86)\Intel\oneAPI\vtune\2024.2\bin64\sep.exe" -start -experimental -uem timer=10 -em factor=5 -p-state trigger=CPU_CLK_UNHALTED.REF_TSC -out C:\CS683\PA_Assignemnt1\pa1-chak-de-microarchitecture-advanced_architects\part1\transpose\r009ue\data.0\sep5274.20240829T164932.415727 -ec INST_RETIRED.ANY:sample:sa=1000000,CPU_CLK_UNHALTED.THREAD:sa=1000000,CPU_CLK_UNHALTED.REF_TSC:sample:sa=1000000,MISC_RETIRED.PAUSE_INST,BACLEARS.ANY,DSB2MITE_SWITCHES.PENALTY_CYCLES,ICACHE_16B.IFDATA_STALL,CPU_CLK_UNHALTED.DISTRIBUTED:sa=1000000,CPU_CLK_UNHALTED.THREAD_P,CYCLE_ACTIVITY.STALLS_MEM_ANY,CYCLE_ACTIVITY.STALLS_TOTAL,ICACHE_64B.IFTAG_STALL,IDQ.DSB_CYCLES_ANY,IDQ.DSB_CYCLES_OK,IDQ.DSB_UOPS,EXE_ACTIVITY.1_PORTS_UTIL,EXE_ACTIVITY.2_PORTS_UTIL,EXE_ACTIVITY.BOUND_ON_STORES,FRONTEND_RETIRED.LATENCY_GE_4,IDQ.MITE_CYCLES_ANY,IDQ.MITE_CYCLES_OK,IDQ.MITE_UOPS:cmask=4,IDQ.MITE_UOPS:cmask=5,IDQ_UOPS_NOT_DELIVERED.CORE,INT_MISC.RECOVERY_CYCLES:cmask=1:e=yes,INT_MISC.UOP_DROPPING,TOPDOWN.BACKEND_BOUND_SLOTS,IDQ.MS_SWITCHES,ILD_STALL.LCP,INST_DECODED.DECODERS:cmask=1,INST_DECODED.DECODERS:cmask=2,UOPS_RETIRED.SLOTS:sa=2000003,BR_MISP_RETIRED.ALL_BRANCHES,FRONTEND_RETIRED.ANY_DSB_MISS,LSD.CYCLES_ACTIVE,LSD.CYCLES_OK,LSD.UOPS,CYCLE_ACTIVITY.CYCLES_L1D_MISS,FRONTEND_RETIRED.DSB_MISS,CYCLE_ACTIVITY.STALLS_L1D_MISS,CYCLE_ACTIVITY.STALLS_L2_MISS,CYCLE_ACTIVITY.STALLS_L3_MISS,DTLB_LOAD_MISSES.STLB_HIT:cmask=1,FRONTEND_RETIRED.L2_MISS,DTLB_LOAD_MISSES.WALK_ACTIVE,DTLB_STORE_MISSES.STLB_HIT:cmask=1,DTLB_STORE_MISSES.WALK_ACTIVE,L1D_PEND_MISS.FB_FULL,FRONTEND_RETIRED.LATENCY_GE_16,L1D_PEND_MISS.FB_FULL_PERIODS,L1D_PEND_MISS.L2_STALL,L1D_PEND_MISS.PENDING,L2_RQSTS.ALL_RFO,FRONTEND_RETIRED.LATENCY_GE_2_BUBBLES_GE_1,L2_RQSTS.RFO_HIT,LD_BLOCKS.NO_SR,LD_BLOCKS.STORE_FORWARD,LD_BLOCKS_PARTIAL.ADDRESS_ALIAS,FRONTEND_RETIRED.STLB_MISS,IDQ_UOPS_NOT_DELIVERED.CYCLES_0_UOPS_DELIV.CORE,INT_MISC.CLEAR_RESTEER_CYCLES,MACHINE_CLEARS.COUNT,MEM_INST_RETIRED.ALL_STORES,MEM_INST_RETIRED.LOCK_LOADS,MEM_INST_RETIRED.SPLIT_LOADS,MEM_INST_RETIRED.SPLIT_STORES,UOPS_ISSUED.ANY,CYCLE_ACTIVITY.CYCLES_MEM_ANY,ARITH.DIVIDER_ACTIVE,EXE_ACTIVITY.3_PORTS_UTIL:umask=0x80,MEM_INST_RETIRED.STLB_MISS_LOADS,MEM_INST_RETIRED.STLB_MISS_STORES,MEM_LOAD_L3_HIT_RETIRED.XSNP_HIT,MEM_LOAD_L3_HIT_RETIRED.XSNP_HITM,FP_ARITH_INST_RETIRED.128B_PACKED_DOUBLE:umask=0xfc,FP_ARITH_INST_RETIRED.SCALAR_SINGLE:umask=0x03,RESOURCE_STALLS.SCOREBOARD,UOPS_DISPATCHED.PORT_0,MEM_LOAD_L3_HIT_RETIRED.XSNP_MISS,MEM_LOAD_RETIRED.FB_HIT,MEM_LOAD_RETIRED.L1_HIT,MEM_LOAD_RETIRED.L1_MISS,UOPS_DISPATCHED.PORT_1,UOPS_DISPATCHED.PORT_2_3,UOPS_DISPATCHED.PORT_4_9,UOPS_DISPATCHED.PORT_5,MEM_LOAD_RETIRED.L2_HIT,MEM_LOAD_RETIRED.L3_HIT,MEM_LOAD_RETIRED.L3_MISS,OFFCORE_REQUESTS_OUTSTANDING.ALL_DATA_RD:cmask=4,UOPS_DISPATCHED.PORT_6,UOPS_DISPATCHED.PORT_7_8,UOPS_EXECUTED.CYCLES_GE_3,UOPS_EXECUTED.THREAD:sa=2000003,OFFCORE_REQUESTS_OUTSTANDING.CYCLES_WITH_DATA_RD,OFFCORE_REQUESTS_OUTSTANDING.CYCLES_WITH_DEMAND_RFO,IDQ.MITE_UOPS,IDQ.MS_UOPS,UOPS_EXECUTED.X87:sa=2000003,UOPS_ISSUED.VECTOR_WIDTH_MISMATCH,ASSISTS.ANY,BR_INST_RETIRED.ALL_BRANCHES,UOPS_DECODED.DEC0,UOPS_DECODED.DEC0:cmask=1,MEM_INST_RETIRED.ANY,OCR.DEMAND_RFO.L3_HIT.SNOOP_HITM,FP_ARITH_INST_RETIRED.128B_PACKED_DOUBLE:sa=2000003,FP_ARITH_INST_RETIRED.128B_PACKED_SINGLE:sa=2000003,FP_ARITH_INST_RETIRED.256B_PACKED_DOUBLE:sa=2000003,FP_ARITH_INST_RETIRED.256B_PACKED_SINGLE:sa=2000003,OCR.STREAMING_WR.ANY_RESPONSE,FP_ARITH_INST_RETIRED.512B_PACKED_DOUBLE:sa=2000003,FP_ARITH_INST_RETIRED.512B_PACKED_SINGLE:sa=2000003,INST_RETIRED.NOP,FP_ARITH_INST_RETIRED.SCALAR_SINGLE:sa=2000003,FP_ARITH_INST_RETIRED.SCALAR_DOUBLE:sa=2000003,UNC_IMC_DRAM_DATA_READS,UNC_IMC_DRAM_DATA_WRITES, -d 0 -uem factor=10
4868 [21108] INFO perfrun.sdk <> - runCmd started PID 12020
5880 [12040] INFO perfrun.launcher <> - Launcher: all plugins were started
5880 [12040] INFO perfrun.launcher <> - DirectoryMonitor object was created
5881 [12040] INFO perfrun.launcher <> - DirectoryMonitor: a callback was added
5881 [12040] INFO perfrun.launcher <> - DirectoryMonitor was started with pingTime = 1000
5881 [12040] INFO perfrun.launcher <> - DeadlineTimer is going to be constructed
5882 [12040] INFO perfrun.launcher <> - DeadlineTimer: a callback was added
5899 [12040] INFO perfrun.launcher <> - Launcher: resume the profiled application and  wait its termination or stop command
6046 [12040] INFO perfrun.launcher <> - Launcher: the profiled application was terminated  with exit code = 0
6065 [21108] INFO perfrun.itt <> - detach itt controller
6065 [21108] INFO perfrun.itt <> - detach itt controller done
6066 [21108] INFO perfrun.sdk <> - runCmd: "C:\Program Files (x86)\Intel\oneAPI\vtune\2024.2\bin64\sep.exe" -stop
6073 [21108] INFO perfrun.sdk <> - runCmd started PID 10084
7367 [21108] INFO perfrun.sepdk <> - Sampling successfully stopped.

7367 [21108] INFO perfrun.sepdk <> - Waiting for main SEP process (12020) to finish...
7367 [21108] INFO perfrun.sepdk <> - Main SEP process finished
7367 [21108] INFO perfrun.sdk <> - De-allocating TMU: C:\CS683\PA_Assignemnt1\pa1-chak-de-microarchitecture-advanced_architects\part1\transpose\r009ue\data.0\systemcollector-13636-LAPTOP-9PGAITT6.sc
7393 [21108] INFO perfrun.system <> - closed the system trace file: C:\CS683\PA_Assignemnt1\pa1-chak-de-microarchitecture-advanced_architects\part1\transpose\r009ue\data.0\systemcollector-13636-LAPTOP-9PGAITT6.sc
7393 [12040] INFO perfrun.launcher <> - Launcher: all plugins were stopped.
7394 [12040] INFO perfrun.launcher <> - DeadlineTimer is going to be destroyed
7394 [12040] INFO perfrun.launcher <> - DeadlineTimer was destroyed
7394 [12040] INFO perfrun.launcher <> - DirectoryMonitor object was destroyed
7395 [12040] WARN perfrun.launcher <> - Stop command is ignored because it is received when collection is already stopped, at file: vcs\perfrun1\launcher\src\command_handler.cpp:226
7397 [12040] INFO perfrun.launcher <> - Application exit code: 0
7397 [12040] INFO perfrun.launcher <> - Exit code: 0
