154 [20588] INFO perfrun.launcher <> - Launcher main begin
168 [20588] INFO perfrun.launcher <> - MessageCatalogInit finished
168 [20588] INFO perfrun.launcher <> - Launcher instance created
168 [20588] INFO perfrun.launcher <> - argc = 7; cmdline = C:\Program Files (x86)\Intel\oneAPI\vtune\2024.2\bin64\amplxe-runss.exe --ui-output-format xml --ui-output-fd 1244 --option-file C:\CS683\PA_Assignemnt1\pa1-chak-de-microarchitecture-advanced_architects\part1\transpose\r000ps\config\runsa.options 
213 [20588] INFO perfrun.launcher <> - New signal handler callback was added
287 [20588] INFO perfrun.perfcollector <> - SEP tool path: C:\Program Files (x86)\Intel\oneAPI\vtune\2024.2\bin64\sep.exe
316 [20588] INFO perfrun.launcher <> - create msngr2::ICliToolContext
316 [20588] INFO perfrun.launcher <> - create file finder object
317 [20588] INFO perfrun.launcher <> - create a result directory: pattern = C:\CS683\PA_Assignemnt1\pa1-chak-de-microarchitecture-advanced_architects\part1\transpose\r000ps pid = 4294967295
325 [20588] INFO perfrun.launcher <> - create data directory = C:\CS683\PA_Assignemnt1\pa1-chak-de-microarchitecture-advanced_architects\part1\transpose\r000ps\data.0
329 [20588] INFO perfrun.launcher <> - Creating the master collection flag
340 [20588] INFO perfrun.launcher <> - Done creating the master collection flag
340 [20812] INFO perfrun.launcher <> - plugin [remoteplug] was disabled because it doesn't support the given collection type.
342 [20812] INFO perfrun.sdk <> - Allocating TMU :C:\CS683\PA_Assignemnt1\pa1-chak-de-microarchitecture-advanced_architects\part1\transpose\r000ps\data.0\systemcollector-5240-LAPTOP-9PGAITT6.sc
343 [20812] INFO perfrun.launcher <> - plugin [] was disabled because it doesn't support the given collection type.
343 [20812] INFO perfrun.launcher <> - plugin [itt] was disabled because it doesn't support the given collection type.
343 [20812] INFO perfrun.launcher <> - plugin [] was disabled because it doesn't support the given collection type.
366 [20812] INFO perfrun.launcher <> - plugin [etw.kernel] was disabled because it doesn't support the given collection type.
366 [20812] INFO perfrun.launcher <> - plugin [etw.dx] was disabled because it doesn't support the given collection type.
366 [20812] INFO perfrun.launcher <> - plugin [etw.wsa] was disabled because it doesn't support the given collection type.
366 [20812] INFO perfrun.mrte <> - system-wide mode is 0
367 [20812] INFO perfrun.mrte <> - Getting  mrte profiling environment ...
418 [20812] INFO perfrun.mrte <> - INTEL_MRTE_DATA_DIR=C:\CS683\PA_Assignemnt1\pa1-chak-de-microarchitecture-advanced_architects\part1\transpose\r000ps\data.0
418 [20812] INFO perfrun.mrte <> - INTEL_MRTE_HOST_NAME=LAPTOP-9PGAITT6
418 [20812] INFO perfrun.mrte <> - JAVA_TOOL_OPTIONS=-agentlib:amplxe_samplingmrte_javaprof_1.0
418 [20812] INFO perfrun.mrte <> - PATH=C:\Program Files (x86)\Intel\oneAPI\vtune\2024.2\bin32\runtime;C:\Program Files (x86)\Intel\oneAPI\vtune\2024.2\bin64\runtime;C:\WINDOWS\system32;C:\WINDOWS;C:\WINDOWS\System32\Wbem;C:\WINDOWS\System32\WindowsPowerShell\v1.0\;C:\WINDOWS\System32\OpenSSH\;C:\Program Files\Git\cmd;C:\Program Files\Docker\Docker\resources\bin;C:\iverilog\bin;C:\DLDCA\iverilog\bin;C:\MinGW\bin;C:\Users\Admin\AppData\Local\Programs\Python\Python39\Scripts\;C:\Users\Admin\AppData\Local\Programs\Python\Python39\;C:\Program Files\MySQL\MySQL Shell 8.0\bin\;C:\Users\Admin\AppData\Local\Microsoft\WindowsApps;C:\Users\Admin\AppData\Local\Programs\Python\Python38-32\Scripts;C:\Users\Admin\AppData\Local\Programs\Python\Python38-32;C:\Users\Admin\AppData\Local\Programs\Microsoft VS Code\bin;C:\DLDCA\iverilog\gtkwave\bin
418 [20812] INFO perfrun.mrte <> - COR_ENABLE_PROFILING=1
418 [20812] INFO perfrun.mrte <> - COR_PROFILER={AA5E4821-E3B1-479c-B7FF-5AD047D22CED}
418 [20812] INFO perfrun.mrte <> - COMPLUS_ProfAPI_ProfilerCompatibilitySetting=EnableV2Profiler
418 [20812] INFO perfrun.mrte <> - CORECLR_ENABLE_PROFILING=1
418 [20812] INFO perfrun.mrte <> - CORECLR_PROFILER={AA5E4821-E3B1-479c-B7FF-5AD047D22CED}
418 [20812] INFO perfrun.mrte <> - CORECLR_PROFILER_PATH=C:\Program Files (x86)\Intel\oneAPI\vtune\2024.2\bin64/amplxe_samplingmrte_clrprof_1.0.dll
418 [20812] INFO perfrun.mrte <> - INTEL_MRTE_PROFILER_MODE=mixed
418 [20812] INFO perfrun.mrte <> - Data directory: C:\CS683\PA_Assignemnt1\pa1-chak-de-microarchitecture-advanced_architects\part1\transpose\r000ps\data.0
418 [20812] INFO perfrun.mrte <> - Mrte plugin is initialized
420 [20812] INFO perfrun.launcher <> - plugin [cuscol] was disabled because it doesn't support the given collection type.
420 [20812] INFO perfrun.launcher <> - plugin [stdsrc] was disabled because it doesn't support the given collection type.
420 [20812] INFO perfrun.launcher <> - plugin [sep] was disabled because it doesn't support the given collection type.
420 [20812] INFO perfrun.launcher <> - plugin [vtsspp] was disabled because it doesn't support the given collection type.
420 [20812] INFO perfrun.launcher <> - plugin [perf] was disabled because it doesn't support the given collection type.
420 [20812] INFO perfrun.launcher <> - plugin [aoclprofile] was disabled because it doesn't support the given collection type.
420 [20812] INFO perfrun.tpss <> - initialize tpss controller
420 [20812] INFO perfrun.launcher <> - plugin [tpss] was disabled because it doesn't support the given collection type.
420 [20812] INFO perfrun.launcher <> - plugin [] was disabled because it doesn't support the given collection type.
420 [20812] INFO perfrun.launcher <> - plugin [] was disabled because it doesn't support the given collection type.
420 [20812] INFO perfrun.launcher <> - plugin [] was disabled because it doesn't support the given collection type.
420 [20812] INFO perfrun.launcher <> - plugin [] was disabled because it doesn't support the given collection type.
420 [20812] INFO perfrun.launcher <> - plugin [power] was disabled because it doesn't support the given collection type.
420 [20812] INFO perfrun.launcher <> - plugin [] was disabled because it doesn't support the given collection type.
420 [20812] INFO perfrun.launcher <> - plugin [ipmwatch] was disabled because it doesn't support the given collection type.
420 [20812] INFO perfrun.launcher <> - plugin [os_counters] was disabled because it doesn't support the given collection type.
420 [20812] INFO perfrun.launcher <> - plugin [l0_metrics] was disabled because it doesn't support the given collection type.
420 [20588] INFO perfrun.launcher <> - set environment variable: INTEL_MRTE_DATA_DIR = C:\CS683\PA_Assignemnt1\pa1-chak-de-microarchitecture-advanced_architects\part1\transpose\r000ps\data.0
421 [20588] INFO perfrun.launcher <> - set environment variable: INTEL_MRTE_HOST_NAME = LAPTOP-9PGAITT6
421 [20588] INFO perfrun.launcher <> - set environment variable: JAVA_TOOL_OPTIONS = -agentlib:amplxe_samplingmrte_javaprof_1.0
421 [20588] INFO perfrun.launcher <> - set environment variable: PATH = C:\Program Files (x86)\Intel\oneAPI\vtune\2024.2\bin32\runtime;C:\Program Files (x86)\Intel\oneAPI\vtune\2024.2\bin64\runtime;C:\WINDOWS\system32;C:\WINDOWS;C:\WINDOWS\System32\Wbem;C:\WINDOWS\System32\WindowsPowerShell\v1.0\;C:\WINDOWS\System32\OpenSSH\;C:\Program Files\Git\cmd;C:\Program Files\Docker\Docker\resources\bin;C:\iverilog\bin;C:\DLDCA\iverilog\bin;C:\MinGW\bin;C:\Users\Admin\AppData\Local\Programs\Python\Python39\Scripts\;C:\Users\Admin\AppData\Local\Programs\Python\Python39\;C:\Program Files\MySQL\MySQL Shell 8.0\bin\;C:\Users\Admin\AppData\Local\Microsoft\WindowsApps;C:\Users\Admin\AppData\Local\Programs\Python\Python38-32\Scripts;C:\Users\Admin\AppData\Local\Programs\Python\Python38-32;C:\Users\Admin\AppData\Local\Programs\Microsoft VS Code\bin;C:\DLDCA\iverilog\gtkwave\bin
422 [20588] INFO perfrun.launcher <> - set environment variable: COR_ENABLE_PROFILING = 1
422 [20588] INFO perfrun.launcher <> - set environment variable: COR_PROFILER = {AA5E4821-E3B1-479c-B7FF-5AD047D22CED}
422 [20588] INFO perfrun.launcher <> - set environment variable: COMPLUS_ProfAPI_ProfilerCompatibilitySetting = EnableV2Profiler
423 [20588] INFO perfrun.launcher <> - set environment variable: CORECLR_ENABLE_PROFILING = 1
423 [20588] INFO perfrun.launcher <> - set environment variable: CORECLR_PROFILER = {AA5E4821-E3B1-479c-B7FF-5AD047D22CED}
423 [20588] INFO perfrun.launcher <> - set environment variable: CORECLR_PROFILER_PATH = C:\Program Files (x86)\Intel\oneAPI\vtune\2024.2\bin64/amplxe_samplingmrte_clrprof_1.0.dll
424 [20588] INFO perfrun.launcher <> - set environment variable: INTEL_MRTE_PROFILER_MODE = mixed
424 [20588] INFO perfrun.launcher <> - RpcServer: run RPC server to handle requests
536 [20588] INFO perfrun.sdk <> - IProcessUtil: the given executable 'C:\CS683\PA_Assignemnt1\pa1-chak-de-microarchitecture-advanced_architects\part1\a.exe' is valid.
536 [20588] INFO perfrun.launcher <> - Launcher: command line to start before modification = C:\CS683\PA_Assignemnt1\pa1-chak-de-microarchitecture-advanced_architects\part1\a.exe 1024 100
537 [20588] INFO perfrun.launcher <> - Launcher: command line to start after modification = C:\CS683\PA_Assignemnt1\pa1-chak-de-microarchitecture-advanced_architects\part1\a.exe 1024 100
537 [20588] INFO perfrun.launcher <> - ProcessCreator object was created
544 [20588] INFO perfrun.launcher <> - Launcher: the process was started in suspend mode
547 [20812] INFO perfrun.launcher <> - Messenger::say: Peak bandwidth measurement started.
4423 [20812] INFO perfrun.launcher <> - Messenger::say: Peak bandwidth measurement finished.
4451 [20812] INFO perfrun.sdk <> - Allocating TMU :C:\CS683\PA_Assignemnt1\pa1-chak-de-microarchitecture-advanced_architects\part1\transpose\r000ps\data.0\gen_metrics0.0.2.0.0.oa.0.cfg
4451 [20812] INFO perfrun.sdk <> - De-allocating TMU: C:\CS683\PA_Assignemnt1\pa1-chak-de-microarchitecture-advanced_architects\part1\transpose\r000ps\data.0\gen_metrics0.0.2.0.0.oa.0.cfg
4471 [20812] INFO perfrun.gpu <> - GPU counting mode: initialization successful
4478 [21208] INFO perfrun.sdk <> - Allocating TMU :C:\CS683\PA_Assignemnt1\pa1-chak-de-microarchitecture-advanced_architects\part1\transpose\r000ps\data.0\gen_metrics0.0.2.0.0.oa.0.vtss
4480 [21208] INFO perfrun.gpu <> - Open stream for subdevice 0
4480 [20812] INFO perfrun.sdk <> - runCmd: "C:\Program Files (x86)\Intel\oneAPI\vtune\2024.2\bin64\emon.exe" -M
4492 [20812] INFO perfrun.sdk <> - runCmd started PID 6224
4817 [20812] INFO perfrun.sdk <> - runCmd: "C:\Program Files (x86)\Intel\oneAPI\vtune\2024.2\bin64\emon.exe" -v
4822 [20812] INFO perfrun.sdk <> - runCmd started PID 9004
4991 [21208] INFO perfrun.gpu <> - Next report we'll be handling the low-power state
4992 [21208] INFO perfrun.gpu <> - Entered handling of low-power state
4992 [21208] INFO perfrun.gpu <> - Exited handling of low-power state
4992 [21208] INFO perfrun.gpu <> - Next report we'll be handling the low-power state
4992 [21208] INFO perfrun.gpu <> - Entered handling of low-power state
4992 [21208] INFO perfrun.gpu <> - Exited handling of low-power state
4992 [21208] INFO perfrun.gpu <> - Next report we'll be handling the low-power state
4992 [21208] INFO perfrun.gpu <> - Entered handling of low-power state
4992 [21208] INFO perfrun.gpu <> - Exited handling of low-power state
4992 [21208] INFO perfrun.gpu <> - Next report we'll be handling the low-power state
4992 [21208] INFO perfrun.gpu <> - Entered handling of low-power state
4992 [21208] INFO perfrun.gpu <> - Exited handling of low-power state
4992 [21208] INFO perfrun.gpu <> - Next report we'll be handling the low-power state
4992 [21208] INFO perfrun.gpu <> - Entered handling of low-power state
4992 [21208] INFO perfrun.gpu <> - Exited handling of low-power state
4992 [21208] INFO perfrun.gpu <> - Next report we'll be handling the low-power state
4992 [21208] INFO perfrun.gpu <> - Entered handling of low-power state
4992 [21208] INFO perfrun.gpu <> - Exited handling of low-power state
4992 [21208] INFO perfrun.gpu <> - Next report we'll be handling the low-power state
4992 [21208] INFO perfrun.gpu <> - Entered handling of low-power state
4992 [21208] INFO perfrun.gpu <> - Exited handling of low-power state
4992 [21208] INFO perfrun.gpu <> - Next report we'll be handling the low-power state
4992 [21208] INFO perfrun.gpu <> - Entered handling of low-power state
4992 [21208] INFO perfrun.gpu <> - Exited handling of low-power state
4992 [21208] INFO perfrun.gpu <> - Next report we'll be handling the low-power state
4992 [21208] INFO perfrun.gpu <> - Entered handling of low-power state
4992 [21208] INFO perfrun.gpu <> - Exited handling of low-power state
4992 [21208] INFO perfrun.gpu <> - Next report we'll be handling the low-power state
4992 [21208] INFO perfrun.gpu <> - Entered handling of low-power state
4992 [21208] INFO perfrun.gpu <> - Exited handling of low-power state
4992 [21208] INFO perfrun.gpu <> - Next report we'll be handling the low-power state
4992 [21208] INFO perfrun.gpu <> - Entered handling of low-power state
4992 [21208] INFO perfrun.gpu <> - Exited handling of low-power state
4992 [21208] INFO perfrun.gpu <> - Next report we'll be handling the low-power state
4992 [21208] INFO perfrun.gpu <> - Entered handling of low-power state
4992 [21208] INFO perfrun.gpu <> - Exited handling of low-power state
4992 [21208] INFO perfrun.gpu <> - Next report we'll be handling the low-power state
4992 [21208] INFO perfrun.gpu <> - Entered handling of low-power state
4992 [21208] INFO perfrun.gpu <> - Exited handling of low-power state
4992 [21208] INFO perfrun.gpu <> - Next report we'll be handling the low-power state
4992 [21208] INFO perfrun.gpu <> - Entered handling of low-power state
4992 [21208] INFO perfrun.gpu <> - Exited handling of low-power state
4992 [21208] INFO perfrun.gpu <> - Next report we'll be handling the low-power state
4992 [21208] INFO perfrun.gpu <> - Entered handling of low-power state
4992 [21208] INFO perfrun.gpu <> - Exited handling of low-power state
4992 [21208] INFO perfrun.gpu <> - Next report we'll be handling the low-power state
4992 [21208] INFO perfrun.gpu <> - Entered handling of low-power state
4992 [21208] INFO perfrun.gpu <> - Exited handling of low-power state
4992 [21208] INFO perfrun.gpu <> - Next report we'll be handling the low-power state
4992 [21208] INFO perfrun.gpu <> - Entered handling of low-power state
4992 [21208] INFO perfrun.gpu <> - Exited handling of low-power state
4992 [21208] INFO perfrun.gpu <> - Next report we'll be handling the low-power state
4993 [21208] INFO perfrun.gpu <> - Entered handling of low-power state
4993 [21208] INFO perfrun.gpu <> - Exited handling of low-power state
4993 [21208] INFO perfrun.gpu <> - Next report we'll be handling the low-power state
4993 [21208] INFO perfrun.gpu <> - Entered handling of low-power state
4993 [21208] INFO perfrun.gpu <> - Exited handling of low-power state
4993 [21208] INFO perfrun.gpu <> - Next report we'll be handling the low-power state
4993 [21208] INFO perfrun.gpu <> - Entered handling of low-power state
4993 [21208] INFO perfrun.gpu <> - Exited handling of low-power state
4993 [21208] INFO perfrun.gpu <> - Next report we'll be handling the low-power state
4993 [21208] INFO perfrun.gpu <> - Entered handling of low-power state
4993 [21208] INFO perfrun.gpu <> - Exited handling of low-power state
4993 [21208] INFO perfrun.gpu <> - Next report we'll be handling the low-power state
4993 [21208] INFO perfrun.gpu <> - Entered handling of low-power state
4993 [21208] INFO perfrun.gpu <> - Exited handling of low-power state
4993 [21208] INFO perfrun.gpu <> - Next report we'll be handling the low-power state
4993 [21208] INFO perfrun.gpu <> - Entered handling of low-power state
4993 [21208] INFO perfrun.gpu <> - Exited handling of low-power state
4993 [21208] INFO perfrun.gpu <> - Next report we'll be handling the low-power state
4993 [21208] INFO perfrun.gpu <> - Entered handling of low-power state
4993 [21208] INFO perfrun.gpu <> - Exited handling of low-power state
4993 [21208] INFO perfrun.gpu <> - Next report we'll be handling the low-power state
4993 [21208] INFO perfrun.gpu <> - Entered handling of low-power state
4993 [21208] INFO perfrun.gpu <> - Exited handling of low-power state
4993 [21208] INFO perfrun.gpu <> - Next report we'll be handling the low-power state
4993 [21208] INFO perfrun.gpu <> - Entered handling of low-power state
4993 [21208] INFO perfrun.gpu <> - Exited handling of low-power state
4993 [21208] INFO perfrun.gpu <> - Next report we'll be handling the low-power state
4993 [21208] INFO perfrun.gpu <> - Entered handling of low-power state
5040 [20812] INFO perfrun.sdk <> - runCmd: "C:\Program Files (x86)\Intel\oneAPI\vtune\2024.2\bin64\sep.exe" -dry-run -ec CPU_CLK_UNHALTED.THREAD:sa=1000000,CPU_CLK_UNHALTED.REF_TSC:sample:sa=1000000,INST_RETIRED.ANY:sample:sa=1000000,CPU_CLK_UNHALTED.DISTRIBUTED:sa=1000000,TOPDOWN.SLOTS:sample:sa=2000003,UOPS_RETIRED.SLOTS:sample:sa=2000003,FP_ARITH_INST_RETIRED.SCALAR_SINGLE:sa=2000003,FP_ARITH_INST_RETIRED.128B_PACKED_SINGLE:sa=2000003,FP_ARITH_INST_RETIRED.256B_PACKED_SINGLE:sa=2000003,FP_ARITH_INST_RETIRED.SCALAR_DOUBLE:sa=2000003,FP_ARITH_INST_RETIRED.128B_PACKED_DOUBLE:sa=2000003,FP_ARITH_INST_RETIRED.256B_PACKED_DOUBLE:sa=2000003,UOPS_EXECUTED.X87:sa=2000003,UOPS_EXECUTED.THREAD:sa=2000003,FP_ARITH_INST_RETIRED.512B_PACKED_DOUBLE:sa=2000003,FP_ARITH_INST_RETIRED.512B_PACKED_SINGLE:sa=2000003,CPU_CLK_UNHALTED.THREAD_P,CYCLE_ACTIVITY.STALLS_MEM_ANY,CYCLE_ACTIVITY.STALLS_TOTAL,EXE_ACTIVITY.1_PORTS_UTIL,EXE_ACTIVITY.2_PORTS_UTIL,EXE_ACTIVITY.BOUND_ON_STORES,FRONTEND_RETIRED.LATENCY_GE_4,IDQ_UOPS_NOT_DELIVERED.CORE,INT_MISC.RECOVERY_CYCLES:cmask=1:e=yes,INT_MISC.UOP_DROPPING,TOPDOWN.BACKEND_BOUND_SLOTS,CYCLE_ACTIVITY.STALLS_L1D_MISS,CYCLE_ACTIVITY.STALLS_L2_MISS,CYCLE_ACTIVITY.STALLS_L3_MISS,L1D_PEND_MISS.FB_FULL_PERIODS,MEM_LOAD_RETIRED.FB_HIT,MEM_LOAD_RETIRED.L1_HIT,MEM_LOAD_RETIRED.L1_MISS,MEM_LOAD_RETIRED.L2_HIT,MEM_LOAD_RETIRED.L3_HIT,MEM_LOAD_RETIRED.L3_MISS,OFFCORE_REQUESTS_OUTSTANDING.ALL_DATA_RD:cmask=4,OFFCORE_REQUESTS_OUTSTANDING.CYCLES_WITH_DATA_RD,MEM_INST_RETIRED.ALL_STORES:sa=100003,MEM_INST_RETIRED.ALL_LOADS:sa=100003,CYCLE_ACTIVITY.CYCLES_L1D_MISS,CYCLE_ACTIVITY.CYCLES_MEM_ANY,DTLB_LOAD_MISSES.STLB_HIT:cmask=1,DTLB_LOAD_MISSES.WALK_ACTIVE,DTLB_STORE_MISSES.STLB_HIT:cmask=1,DTLB_STORE_MISSES.WALK_ACTIVE,L1D_PEND_MISS.FB_FULL,L1D_PEND_MISS.L2_STALL,L1D_PEND_MISS.PENDING,L2_RQSTS.ALL_RFO,L2_RQSTS.RFO_HIT,LD_BLOCKS.NO_SR,LD_BLOCKS.STORE_FORWARD,LD_BLOCKS_PARTIAL.ADDRESS_ALIAS,MEM_INST_RETIRED.LOCK_LOADS,MEM_INST_RETIRED.SPLIT_LOADS,MEM_INST_RETIRED.SPLIT_STORES,MEM_INST_RETIRED.STLB_MISS_LOADS,MEM_INST_RETIRED.STLB_MISS_STORES,MEM_LOAD_L3_HIT_RETIRED.XSNP_HIT,MEM_LOAD_L3_HIT_RETIRED.XSNP_HITM,MEM_LOAD_L3_HIT_RETIRED.XSNP_MISS,OFFCORE_REQUESTS_OUTSTANDING.CYCLES_WITH_DEMAND_RFO,UNC_IMC_DRAM_DATA_READS,UNC_IMC_DRAM_DATA_WRITES -experimental
5046 [20812] INFO perfrun.sdk <> - runCmd started PID 9548
5328 [20812] INFO perfrun.sdk <> - runCmd: "C:\Program Files (x86)\Intel\oneAPI\vtune\2024.2\bin64\emon.exe" -u -t 0.010 -l0 -A -C CPU_CLK_UNHALTED.DISTRIBUTED,CPU_CLK_UNHALTED.REF_TSC,CPU_CLK_UNHALTED.THREAD,CPU_CLK_UNHALTED.THREAD_P,CYCLE_ACTIVITY.CYCLES_L1D_MISS,CYCLE_ACTIVITY.CYCLES_MEM_ANY,CYCLE_ACTIVITY.STALLS_L1D_MISS,CYCLE_ACTIVITY.STALLS_L2_MISS,CYCLE_ACTIVITY.STALLS_L3_MISS,CYCLE_ACTIVITY.STALLS_MEM_ANY,CYCLE_ACTIVITY.STALLS_TOTAL,DTLB_LOAD_MISSES.STLB_HIT:c1,DTLB_LOAD_MISSES.WALK_ACTIVE,DTLB_STORE_MISSES.STLB_HIT:c1,DTLB_STORE_MISSES.WALK_ACTIVE,EXE_ACTIVITY.1_PORTS_UTIL,EXE_ACTIVITY.2_PORTS_UTIL,EXE_ACTIVITY.BOUND_ON_STORES,FP_ARITH_INST_RETIRED.128B_PACKED_DOUBLE,FP_ARITH_INST_RETIRED.128B_PACKED_SINGLE,FP_ARITH_INST_RETIRED.256B_PACKED_DOUBLE,FP_ARITH_INST_RETIRED.256B_PACKED_SINGLE,FP_ARITH_INST_RETIRED.512B_PACKED_DOUBLE,FP_ARITH_INST_RETIRED.512B_PACKED_SINGLE,FP_ARITH_INST_RETIRED.SCALAR_DOUBLE,FP_ARITH_INST_RETIRED.SCALAR_SINGLE,FRONTEND_RETIRED.LATENCY_GE_4,IDQ_UOPS_NOT_DELIVERED.CORE,INST_RETIRED.ANY,INT_MISC.RECOVERY_CYCLES:c1:e1,INT_MISC.UOP_DROPPING,L1D_PEND_MISS.FB_FULL,L1D_PEND_MISS.FB_FULL_PERIODS,L1D_PEND_MISS.L2_STALL,L1D_PEND_MISS.PENDING,L2_RQSTS.ALL_RFO,L2_RQSTS.RFO_HIT,LD_BLOCKS.NO_SR,LD_BLOCKS.STORE_FORWARD,LD_BLOCKS_PARTIAL.ADDRESS_ALIAS,MEM_INST_RETIRED.ALL_LOADS,MEM_INST_RETIRED.ALL_STORES,MEM_INST_RETIRED.LOCK_LOADS,MEM_INST_RETIRED.SPLIT_LOADS,MEM_INST_RETIRED.SPLIT_STORES,MEM_INST_RETIRED.STLB_MISS_LOADS,MEM_INST_RETIRED.STLB_MISS_STORES,MEM_LOAD_L3_HIT_RETIRED.XSNP_HIT,MEM_LOAD_L3_HIT_RETIRED.XSNP_HITM,MEM_LOAD_L3_HIT_RETIRED.XSNP_MISS,MEM_LOAD_RETIRED.FB_HIT,MEM_LOAD_RETIRED.L1_HIT,MEM_LOAD_RETIRED.L1_MISS,MEM_LOAD_RETIRED.L2_HIT,MEM_LOAD_RETIRED.L3_HIT,MEM_LOAD_RETIRED.L3_MISS,OFFCORE_REQUESTS_OUTSTANDING.ALL_DATA_RD:c4,OFFCORE_REQUESTS_OUTSTANDING.CYCLES_WITH_DATA_RD,OFFCORE_REQUESTS_OUTSTANDING.CYCLES_WITH_DEMAND_RFO,TOPDOWN.BACKEND_BOUND_SLOTS,TOPDOWN.SLOTS,UNC_IMC_DRAM_DATA_READS,UNC_IMC_DRAM_DATA_WRITES,UOPS_EXECUTED.THREAD,UOPS_EXECUTED.X87,UOPS_RETIRED.SLOTS -f C:\CS683\PA_Assignemnt1\pa1-chak-de-microarchitecture-advanced_architects\part1\transpose\r000ps\data.0\emon.0.emon -experimental
5335 [20812] INFO perfrun.sdk <> - runCmd started PID 15160
5335 [20812] INFO perfrun.emon <> - Waiting trace file creation: C:\CS683\PA_Assignemnt1\pa1-chak-de-microarchitecture-advanced_architects\part1\transpose\r000ps\data.0\emon.0.emon
5495 [21208] INFO perfrun.gpu <> - Exited handling of low-power state
5495 [21208] INFO perfrun.gpu <> - Next report we'll be handling the low-power state
5495 [21208] INFO perfrun.gpu <> - Entered handling of low-power state
5495 [21208] INFO perfrun.gpu <> - Exited handling of low-power state
5495 [21208] INFO perfrun.gpu <> - Next report we'll be handling the low-power state
5495 [21208] INFO perfrun.gpu <> - Entered handling of low-power state
5495 [21208] INFO perfrun.gpu <> - Exited handling of low-power state
5495 [21208] INFO perfrun.gpu <> - Next report we'll be handling the low-power state
5495 [21208] INFO perfrun.gpu <> - Entered handling of low-power state
5543 [20812] INFO perfrun.emon <> - trace file was found
5543 [20588] INFO perfrun.launcher <> - Launcher: all plugins were started
5543 [20588] INFO perfrun.launcher <> - DirectoryMonitor object was created
5543 [20588] INFO perfrun.launcher <> - DirectoryMonitor: a callback was added
5543 [20588] INFO perfrun.launcher <> - DirectoryMonitor was started with pingTime = 1000
5543 [20588] INFO perfrun.launcher <> - DeadlineTimer is going to be constructed
5544 [20588] INFO perfrun.launcher <> - DeadlineTimer: a callback was added
5559 [20588] INFO perfrun.launcher <> - Launcher: resume the profiled application and  wait its termination or stop command
5645 [20588] INFO perfrun.launcher <> - Launcher: the profiled application was terminated  with exit code = 0
5664 [20812] INFO perfrun.gpu <> - Waiting for data collection thread to finish
6001 [21208] INFO perfrun.gpu <> - Exited handling of low-power state
6001 [21208] INFO perfrun.gpu <> - Next report we'll be handling the low-power state
6001 [21208] INFO perfrun.gpu <> - Entered handling of low-power state
6001 [21208] INFO perfrun.gpu <> - Exited handling of low-power state
6001 [21208] INFO perfrun.gpu <> - Next report we'll be handling the low-power state
6001 [21208] INFO perfrun.gpu <> - Entered handling of low-power state
6001 [21208] INFO perfrun.gpu <> - Exited handling of low-power state
6001 [21208] INFO perfrun.gpu <> - Next report we'll be handling the low-power state
6001 [21208] INFO perfrun.gpu <> - Entered handling of low-power state
6001 [21208] INFO perfrun.gpu <> - Exited handling of low-power state
6001 [21208] INFO perfrun.gpu <> - Next report we'll be handling the low-power state
6001 [21208] INFO perfrun.gpu <> - Entered handling of low-power state
6001 [21208] INFO perfrun.gpu <> - Exited handling of low-power state
6001 [21208] INFO perfrun.gpu <> - Next report we'll be handling the low-power state
6001 [21208] INFO perfrun.gpu <> - Entered handling of low-power state
6001 [21208] INFO perfrun.gpu <> - Exited handling of low-power state
6002 [21208] INFO perfrun.gpu <> - Next report we'll be handling the low-power state
6002 [21208] INFO perfrun.gpu <> - Entered handling of low-power state
6002 [21208] INFO perfrun.gpu <> - Exited handling of low-power state
6002 [21208] INFO perfrun.gpu <> - Next report we'll be handling the low-power state
6002 [21208] INFO perfrun.gpu <> - Entered handling of low-power state
6002 [21208] INFO perfrun.gpu <> - Exited handling of low-power state
6002 [21208] INFO perfrun.gpu <> - Next report we'll be handling the low-power state
6002 [21208] INFO perfrun.gpu <> - Entered handling of low-power state
6002 [21208] INFO perfrun.gpu <> - Exited handling of low-power state
6002 [21208] INFO perfrun.gpu <> - Next report we'll be handling the low-power state
6002 [21208] INFO perfrun.gpu <> - Entered handling of low-power state
6002 [21208] INFO perfrun.gpu <> - Exited handling of low-power state
6002 [21208] INFO perfrun.gpu <> - Next report we'll be handling the low-power state
6002 [21208] INFO perfrun.gpu <> - Entered handling of low-power state
6002 [21208] INFO perfrun.gpu <> - Exited handling of low-power state
6002 [21208] INFO perfrun.gpu <> - Next report we'll be handling the low-power state
6002 [21208] INFO perfrun.gpu <> - Entered handling of low-power state
6002 [21208] INFO perfrun.gpu <> - Exited handling of low-power state
6002 [21208] INFO perfrun.gpu <> - Next report we'll be handling the low-power state
6002 [21208] INFO perfrun.gpu <> - Entered handling of low-power state
6002 [21208] INFO perfrun.gpu <> - Exited handling of low-power state
6002 [21208] INFO perfrun.gpu <> - Next report we'll be handling the low-power state
6003 [21208] INFO perfrun.gpu <> - Entered handling of low-power state
6003 [21208] INFO perfrun.gpu <> - Exited handling of low-power state
6003 [21208] INFO perfrun.gpu <> - Next report we'll be handling the low-power state
6003 [21208] INFO perfrun.gpu <> - Entered handling of low-power state
6003 [21208] INFO perfrun.gpu <> - Exited handling of low-power state
6003 [21208] INFO perfrun.gpu <> - Next report we'll be handling the low-power state
6003 [21208] INFO perfrun.gpu <> - Entered handling of low-power state
6003 [21208] INFO perfrun.gpu <> - Exited handling of low-power state
6003 [21208] INFO perfrun.gpu <> - Next report we'll be handling the low-power state
6003 [21208] INFO perfrun.gpu <> - Entered handling of low-power state
6003 [21208] INFO perfrun.gpu <> - Writing dual vector buffer
6008 [21208] INFO perfrun.sdk <> - De-allocating TMU: C:\CS683\PA_Assignemnt1\pa1-chak-de-microarchitecture-advanced_architects\part1\transpose\r000ps\data.0\gen_metrics0.0.2.0.0.oa.0.vtss
6033 [20812] INFO perfrun.gpu <> - Data collection thread finished, shutting down the session
6036 [20812] INFO perfrun.sdk <> - runCmd: "C:\Program Files (x86)\Intel\oneAPI\vtune\2024.2\bin64\emon.exe" -stop
6043 [20812] INFO perfrun.sdk <> - runCmd started PID 1664
6433 [20812] INFO perfrun.emon <> - EMON collector successfully stopped.

6433 [20812] INFO perfrun.emon <> - Waiting for main Emon process (15160) to finish...
6525 [20812] INFO perfrun.emon <> - Main Emon process finished
6526 [20812] INFO perfrun.sdk <> - De-allocating TMU: C:\CS683\PA_Assignemnt1\pa1-chak-de-microarchitecture-advanced_architects\part1\transpose\r000ps\data.0\systemcollector-5240-LAPTOP-9PGAITT6.sc
6550 [20812] INFO perfrun.system <> - closed the system trace file: C:\CS683\PA_Assignemnt1\pa1-chak-de-microarchitecture-advanced_architects\part1\transpose\r000ps\data.0\systemcollector-5240-LAPTOP-9PGAITT6.sc
6550 [20588] INFO perfrun.launcher <> - Launcher: all plugins were stopped.
6550 [20588] INFO perfrun.launcher <> - DeadlineTimer is going to be destroyed
6551 [20588] INFO perfrun.launcher <> - DeadlineTimer was destroyed
6551 [20588] INFO perfrun.launcher <> - DirectoryMonitor object was destroyed
6551 [20588] WARN perfrun.launcher <> - Stop command is ignored because it is received when collection is already stopped, at file: vcs\perfrun1\launcher\src\command_handler.cpp:226
6552 [20588] INFO perfrun.launcher <> - Application exit code: 0
6552 [20588] INFO perfrun.launcher <> - Exit code: 0
